[2021-10-12 20:48:47,208] DEBUG in api: WHERE "username LIKE ?", ['%fishyfish%']
[2021-10-12 21:22:46,499] DEBUG in api: WHERE "bio LIKE ?", ['%nothing%']
[2021-10-12 21:23:03,603] DEBUG in api: WHERE "username LIKE ?", ['%fishyfish%']
[2021-10-12 21:23:16,205] DEBUG in api: WHERE "password LIKE ?", ['%pew_pew%']
[2021-10-12 21:23:26,587] DEBUG in api: WHERE "password LIKE ?", ['%pew_pew%']
[2021-10-12 21:24:03,443] DEBUG in api: WHERE "password LIKE ?", ['%qwerty0909%']
[2021-10-12 21:24:35,505] DEBUG in api: WHERE "username LIKE ? AND password LIKE ?", ['%fishyfish%', '%123456789%']
[2021-10-16 21:27:15,722] DEBUG in api: WHERE "username = ?", ['fishyfish']
[2021-10-16 21:31:35,332] DEBUG in api: WHERE "username = ?", ['fishyish']
[2021-10-16 21:32:15,459] DEBUG in api: WHERE "username = ?", ['fishyfish']
[2021-10-16 21:32:23,477] DEBUG in api: WHERE "username = ?", ['fishyfish']
[2021-10-16 21:37:17,257] DEBUG in api: WHERE "username = ?", ['fishyfish']
[2021-10-16 21:42:26,738] DEBUG in api: WHERE "username = ?", ['fishyfish']
[2021-10-16 21:42:35,508] DEBUG in api: WHERE "username = ?", ['fihyfish']
[2021-10-17 16:38:46,676] DEBUG in urllib3.connectionpool: Starting new HTTP connection (1): localhost:8000
[2021-10-17 16:39:33,469] DEBUG in urllib3.connectionpool: Starting new HTTP connection (1): localhost:8000
[2021-10-17 16:40:28,512] DEBUG in urllib3.connectionpool: Starting new HTTP connection (1): localhost:8000
[2021-10-17 17:05:35,205] DEBUG in urllib3.connectionpool: Starting new HTTP connection (1): www.google.com:80
[2021-10-17 17:05:35,429] DEBUG in urllib3.connectionpool: http://www.google.com:80 "GET / HTTP/1.1" 200 6199
[2021-10-17 17:06:50,237] DEBUG in urllib3.connectionpool: Starting new HTTP connection (1): www.google.com:80
[2021-10-17 17:06:50,434] DEBUG in urllib3.connectionpool: http://www.google.com:80 "GET / HTTP/1.1" 200 6227
[2021-10-17 17:06:57,407] DEBUG in urllib3.connectionpool: Starting new HTTP connection (1): www.google.com:80
[2021-10-17 17:06:57,614] DEBUG in urllib3.connectionpool: http://www.google.com:80 "GET / HTTP/1.1" 200 6229
[2021-10-17 17:16:24,132] DEBUG in urllib3.connectionpool: Starting new HTTP connection (1): localhost:8000
[2021-10-17 17:16:40,074] DEBUG in urllib3.connectionpool: Starting new HTTP connection (1): localhost:8000
