[2021-10-21 00:09:15,103] DEBUG in urllib3.connectionpool: Starting new HTTP connection (1): localhost:5000
[2021-10-21 00:09:15,106] DEBUG in urllib3.connectionpool: http://localhost:5000 "GET /login?username=fishyfish&password=123456789 HTTP/1.1" 200 4
[2021-10-21 00:09:15,108] DEBUG in urllib3.connectionpool: Starting new HTTP connection (1): localhost:5000
[2021-10-21 00:09:15,110] DEBUG in urllib3.connectionpool: http://localhost:5000 "GET /get-following/fishyfish HTTP/1.1" 200 277
[2021-10-21 23:08:37,466] DEBUG in urllib3.connectionpool: Starting new HTTP connection (1): localhost:5000
[2021-10-21 23:08:37,502] DEBUG in urllib3.connectionpool: http://localhost:5000 "GET /login?username=fishyfish%20&password=123456789 HTTP/1.1" 500 141
[2021-10-21 23:08:56,514] DEBUG in urllib3.connectionpool: Starting new HTTP connection (1): localhost:5000
[2021-10-21 23:08:56,518] DEBUG in urllib3.connectionpool: http://localhost:5000 "GET /login?username=fishyfish&password=123456789 HTTP/1.1" 200 4
[2021-10-21 23:08:56,520] DEBUG in urllib3.connectionpool: Starting new HTTP connection (1): localhost:5000
[2021-10-21 23:08:56,531] DEBUG in urllib3.connectionpool: http://localhost:5000 "GET /get-following/fishyfish HTTP/1.1" 200 277
[2021-10-21 23:09:27,869] DEBUG in urllib3.connectionpool: Starting new HTTP connection (1): localhost:5000
[2021-10-21 23:09:27,873] DEBUG in urllib3.connectionpool: http://localhost:5000 "GET /login?username=fishyfish&password=123456789 HTTP/1.1" 200 4
[2021-10-21 23:09:27,875] DEBUG in urllib3.connectionpool: Starting new HTTP connection (1): localhost:5000
[2021-10-21 23:09:27,886] DEBUG in urllib3.connectionpool: http://localhost:5000 "GET /get-following/fishyfish HTTP/1.1" 200 277
[2021-10-21 23:09:37,938] DEBUG in urllib3.connectionpool: Starting new HTTP connection (1): localhost:5000
[2021-10-21 23:09:37,941] DEBUG in urllib3.connectionpool: http://localhost:5000 "GET /login?username=fishyfish&password=123456789 HTTP/1.1" 200 4
[2021-10-21 23:11:44,216] DEBUG in urllib3.connectionpool: Starting new HTTP connection (1): localhost:5000
[2021-10-21 23:11:44,245] DEBUG in urllib3.connectionpool: http://localhost:5000 "GET /login?username=fishyfish&password=123456789 HTTP/1.1" 200 4
[2021-10-21 23:11:44,248] DEBUG in urllib3.connectionpool: Starting new HTTP connection (1): localhost:5000
[2021-10-21 23:11:44,256] DEBUG in urllib3.connectionpool: http://localhost:5000 "GET /get-following/fishyfish HTTP/1.1" 200 277
[2021-10-21 23:11:52,156] DEBUG in urllib3.connectionpool: Starting new HTTP connection (1): localhost:5000
[2021-10-21 23:11:52,164] DEBUG in urllib3.connectionpool: http://localhost:5000 "GET /login?username=fishyfish&password=123456789 HTTP/1.1" 200 4
[2021-10-21 23:12:25,846] DEBUG in urllib3.connectionpool: Starting new HTTP connection (1): localhost:5000
[2021-10-21 23:12:25,871] DEBUG in urllib3.connectionpool: http://localhost:5000 "GET /login?username=fishyfish&password=123456789 HTTP/1.1" 200 4
[2021-10-21 23:12:25,876] DEBUG in urllib3.connectionpool: Starting new HTTP connection (1): localhost:5000
[2021-10-21 23:12:25,881] DEBUG in urllib3.connectionpool: http://localhost:5000 "GET /get-following/fishyfish HTTP/1.1" 200 277
[2021-10-21 23:12:53,846] DEBUG in urllib3.connectionpool: Starting new HTTP connection (1): localhost:5000
[2021-10-21 23:12:53,850] DEBUG in urllib3.connectionpool: http://localhost:5000 "GET /login?username=fishyfish&password=123456789 HTTP/1.1" 200 4
[2021-10-21 23:17:22,282] DEBUG in urllib3.connectionpool: Starting new HTTP connection (1): localhost:5000
[2021-10-21 23:17:22,287] DEBUG in urllib3.connectionpool: http://localhost:5000 "GET /login?username=fishyfish&password=123456789 HTTP/1.1" 200 4
[2021-10-21 23:17:45,783] DEBUG in urllib3.connectionpool: Starting new HTTP connection (1): localhost:5000
[2021-10-21 23:17:45,786] DEBUG in urllib3.connectionpool: http://localhost:5000 "GET /login?username=fishyfish&password=123456789 HTTP/1.1" 200 4
[2021-10-21 23:17:49,595] DEBUG in urllib3.connectionpool: Starting new HTTP connection (1): localhost:5000
[2021-10-21 23:17:49,598] DEBUG in urllib3.connectionpool: http://localhost:5000 "GET /login?username=fishyfish&password=123456789 HTTP/1.1" 200 4
[2021-10-21 23:19:37,175] DEBUG in urllib3.connectionpool: Starting new HTTP connection (1): localhost:5000
[2021-10-21 23:19:37,178] DEBUG in urllib3.connectionpool: http://localhost:5000 "GET /login?username=fishyfish&password=123456789 HTTP/1.1" 200 4
[2021-10-21 23:19:50,760] DEBUG in urllib3.connectionpool: Starting new HTTP connection (1): localhost:5000
[2021-10-21 23:19:50,763] DEBUG in urllib3.connectionpool: http://localhost:5000 "GET /login?username=fishyfish&password=123456789 HTTP/1.1" 200 4
[2021-10-21 23:25:08,173] DEBUG in urllib3.connectionpool: Starting new HTTP connection (1): localhost:5000
[2021-10-21 23:25:08,175] DEBUG in urllib3.connectionpool: http://localhost:5000 "GET /login?username=fishyfish&password=123456789 HTTP/1.1" 200 4
[2021-10-21 23:26:15,158] DEBUG in urllib3.connectionpool: Starting new HTTP connection (1): localhost:5000
[2021-10-21 23:26:15,160] DEBUG in urllib3.connectionpool: http://localhost:5000 "GET /login?username=fishyfish&password=123456789 HTTP/1.1" 200 4
[2021-10-21 23:27:35,704] DEBUG in urllib3.connectionpool: Starting new HTTP connection (1): localhost:5000
[2021-10-21 23:27:35,736] DEBUG in urllib3.connectionpool: http://localhost:5000 "GET /login?username=fishyfish&password=123456789 HTTP/1.1" 200 4
[2021-10-21 23:27:37,732] DEBUG in urllib3.connectionpool: Starting new HTTP connection (1): localhost:5000
[2021-10-21 23:27:37,742] DEBUG in urllib3.connectionpool: http://localhost:5000 "GET /login?username=fishyfish&password=123456789 HTTP/1.1" 200 4
[2021-10-21 23:27:37,747] DEBUG in urllib3.connectionpool: Starting new HTTP connection (1): localhost:5000
[2021-10-21 23:27:37,754] DEBUG in urllib3.connectionpool: http://localhost:5000 "GET /get-following/fishyfish HTTP/1.1" 200 277
[2021-10-21 23:36:14,684] DEBUG in urllib3.connectionpool: Starting new HTTP connection (1): 127.0.0.1:80
[2021-10-21 23:36:14,708] DEBUG in urllib3.connectionpool: http://127.0.0.1:80 "GET /login?username=fishyfish&password=123456789 HTTP/1.1" 200 4
[2021-10-21 23:36:14,713] DEBUG in urllib3.connectionpool: Starting new HTTP connection (1): localhost:5000
[2021-10-21 23:36:14,722] DEBUG in urllib3.connectionpool: http://localhost:5000 "GET /get-following/fishyfish HTTP/1.1" 200 277
[2021-10-21 23:36:29,636] DEBUG in urllib3.connectionpool: Starting new HTTP connection (1): 127.0.0.1:80
[2021-10-21 23:36:29,642] DEBUG in urllib3.connectionpool: http://127.0.0.1:80 "GET /login?username=fishyfish&password=123456789 HTTP/1.1" 200 4
[2021-10-22 13:33:59,958] DEBUG in urllib3.connectionpool: Starting new HTTP connection (1): 127.0.0.1:80
[2021-10-22 13:33:59,988] DEBUG in urllib3.connectionpool: http://127.0.0.1:80 "GET /login?username=fishyfish&password=987654321 HTTP/1.1" 500 141
[2021-10-22 13:34:29,967] DEBUG in urllib3.connectionpool: Starting new HTTP connection (1): 127.0.0.1:80
[2021-10-22 13:34:29,969] DEBUG in urllib3.connectionpool: http://127.0.0.1:80 "GET /login?username=fishyfish&password=123456789 HTTP/1.1" 200 4
[2021-10-22 13:34:29,972] DEBUG in urllib3.connectionpool: Starting new HTTP connection (1): localhost:5000
[2021-10-22 13:34:29,974] DEBUG in urllib3.connectionpool: http://localhost:5000 "GET /get-following/fishyfish HTTP/1.1" 200 226
[2021-10-22 13:34:33,298] DEBUG in urllib3.connectionpool: Starting new HTTP connection (1): 127.0.0.1:80
[2021-10-22 13:34:33,301] DEBUG in urllib3.connectionpool: http://127.0.0.1:80 "GET /login?username=fishyfish&password=123456789 HTTP/1.1" 200 4
[2021-10-22 13:34:33,304] DEBUG in urllib3.connectionpool: Starting new HTTP connection (1): localhost:5000
[2021-10-22 13:34:33,306] DEBUG in urllib3.connectionpool: http://localhost:5000 "GET /get-following/fishyfish HTTP/1.1" 200 226
[2021-10-22 13:34:34,130] DEBUG in urllib3.connectionpool: Starting new HTTP connection (1): 127.0.0.1:80
[2021-10-22 13:34:34,133] DEBUG in urllib3.connectionpool: http://127.0.0.1:80 "GET /login?username=fishyfish&password=123456789 HTTP/1.1" 200 4
[2021-10-22 13:34:34,135] DEBUG in urllib3.connectionpool: Starting new HTTP connection (1): localhost:5000
[2021-10-22 13:34:34,137] DEBUG in urllib3.connectionpool: http://localhost:5000 "GET /get-following/fishyfish HTTP/1.1" 200 226
[2021-10-22 14:02:03,196] DEBUG in urllib3.connectionpool: Starting new HTTP connection (1): 127.0.0.1:80
[2021-10-22 14:02:03,217] DEBUG in urllib3.connectionpool: http://127.0.0.1:80 "GET /login?username=fishyfish&password=987654321 HTTP/1.1" 500 141
[2021-10-22 14:02:43,432] DEBUG in urllib3.connectionpool: Starting new HTTP connection (1): 127.0.0.1:80
[2021-10-22 14:02:43,452] DEBUG in urllib3.connectionpool: http://127.0.0.1:80 "GET /login?username=fishyfish&password=987654321 HTTP/1.1" 500 141
[2021-10-22 14:04:42,591] DEBUG in urllib3.connectionpool: Starting new HTTP connection (1): 127.0.0.1:80
[2021-10-22 14:04:42,610] DEBUG in urllib3.connectionpool: http://127.0.0.1:80 "GET /login?username=fishyfish&password=987654321 HTTP/1.1" 500 141
[2021-10-22 14:04:57,027] DEBUG in urllib3.connectionpool: Starting new HTTP connection (1): 127.0.0.1:80
[2021-10-22 14:04:57,034] DEBUG in urllib3.connectionpool: http://127.0.0.1:80 "GET /login?username=fishyfish&password=987654321 HTTP/1.1" 500 141
[2021-10-22 14:29:56,265] DEBUG in urllib3.connectionpool: Starting new HTTP connection (1): 127.0.0.1:80
[2021-10-22 14:29:56,282] DEBUG in urllib3.connectionpool: http://127.0.0.1:80 "GET /login?username=fishyfish&password=987654321 HTTP/1.1" 500 141
[2021-10-22 14:32:59,202] DEBUG in urllib3.connectionpool: Starting new HTTP connection (1): 127.0.0.1:80
[2021-10-22 14:32:59,218] DEBUG in urllib3.connectionpool: http://127.0.0.1:80 "GET /login?username=fishyfish&password=987654321 HTTP/1.1" 500 141
[2021-10-22 14:33:42,133] DEBUG in urllib3.connectionpool: Starting new HTTP connection (1): 127.0.0.1:80
[2021-10-22 14:33:42,162] DEBUG in urllib3.connectionpool: http://127.0.0.1:80 "GET /login?username=fishyfish&password=987654321 HTTP/1.1" 401 4
[2021-10-22 14:34:19,200] DEBUG in urllib3.connectionpool: Starting new HTTP connection (1): 127.0.0.1:80
[2021-10-22 14:34:19,206] DEBUG in urllib3.connectionpool: http://127.0.0.1:80 "GET /login?username=fishyfish&password=123456789 HTTP/1.1" 200 4
[2021-10-22 14:34:19,214] DEBUG in urllib3.connectionpool: Starting new HTTP connection (1): localhost:5000
[2021-10-22 14:34:19,219] DEBUG in urllib3.connectionpool: http://localhost:5000 "GET /get-following/fishyfish HTTP/1.1" 200 226
[2021-10-22 14:34:41,996] DEBUG in urllib3.connectionpool: Starting new HTTP connection (1): 127.0.0.1:80
[2021-10-22 14:34:42,011] DEBUG in urllib3.connectionpool: http://127.0.0.1:80 "GET /login?username=fishyfish&password=123456789 HTTP/1.1" 200 4
[2021-10-22 14:35:48,903] DEBUG in urllib3.connectionpool: Starting new HTTP connection (1): 127.0.0.1:80
[2021-10-22 14:35:48,908] DEBUG in urllib3.connectionpool: http://127.0.0.1:80 "GET /login?username=vinhtran&password=cry HTTP/1.1" 200 4
[2021-10-22 14:35:48,910] DEBUG in urllib3.connectionpool: Starting new HTTP connection (1): localhost:5000
[2021-10-22 14:35:48,918] DEBUG in urllib3.connectionpool: http://localhost:5000 "GET /get-following/vinhtran HTTP/1.1" 200 167
[2021-10-22 14:36:10,899] DEBUG in urllib3.connectionpool: Starting new HTTP connection (1): 127.0.0.1:80
[2021-10-22 14:36:10,904] DEBUG in urllib3.connectionpool: http://127.0.0.1:80 "GET /login?username=vinhtran&password=cry HTTP/1.1" 200 4
[2021-10-22 14:36:10,906] DEBUG in urllib3.connectionpool: Starting new HTTP connection (1): localhost:5000
[2021-10-22 14:36:10,915] DEBUG in urllib3.connectionpool: http://localhost:5000 "GET /get-following/vinhtran HTTP/1.1" 200 167
[2021-10-22 14:36:17,097] DEBUG in urllib3.connectionpool: Starting new HTTP connection (1): 127.0.0.1:80
[2021-10-22 14:36:17,104] DEBUG in urllib3.connectionpool: http://127.0.0.1:80 "GET /login?username=vinhtran&password=cry HTTP/1.1" 200 4
[2021-10-22 15:08:53,334] DEBUG in urllib3.connectionpool: Starting new HTTP connection (1): 127.0.0.1:80
[2021-10-22 15:08:53,347] DEBUG in urllib3.connectionpool: http://127.0.0.1:80 "GET /login?username=fishyfish&password=987654321 HTTP/1.1" 401 4
[2021-10-22 15:09:06,920] DEBUG in urllib3.connectionpool: Starting new HTTP connection (1): 127.0.0.1:80
[2021-10-22 15:09:06,924] DEBUG in urllib3.connectionpool: http://127.0.0.1:80 "GET /login?username=fishyfish&password=123456789 HTTP/1.1" 200 4
[2021-10-22 15:09:06,926] DEBUG in urllib3.connectionpool: Starting new HTTP connection (1): localhost:5000
[2021-10-22 15:09:06,928] DEBUG in urllib3.connectionpool: http://localhost:5000 "GET /get-following/fishyfish HTTP/1.1" 200 215
[2021-10-22 15:09:26,774] DEBUG in urllib3.connectionpool: Starting new HTTP connection (1): 127.0.0.1:80
[2021-10-22 15:09:26,808] DEBUG in urllib3.connectionpool: http://127.0.0.1:80 "GET /login?username=fishyfish&password=123456789 HTTP/1.1" 200 4
[2021-10-22 15:09:26,820] DEBUG in urllib3.connectionpool: Starting new HTTP connection (1): localhost:5000
[2021-10-22 15:09:26,823] DEBUG in urllib3.connectionpool: http://localhost:5000 "GET /get-following/fishyfish HTTP/1.1" 200 215
[2021-10-22 15:10:14,118] DEBUG in urllib3.connectionpool: Starting new HTTP connection (1): 127.0.0.1:80
[2021-10-22 15:10:14,132] DEBUG in urllib3.connectionpool: http://127.0.0.1:80 "GET /login?username=fishyfish&password=123456789 HTTP/1.1" 200 4
[2021-10-22 15:10:14,136] DEBUG in urllib3.connectionpool: Starting new HTTP connection (1): localhost:5000
[2021-10-22 15:10:14,138] DEBUG in urllib3.connectionpool: http://localhost:5000 "GET /get-following/fishyfish HTTP/1.1" 200 215
[2021-10-22 15:15:46,006] DEBUG in urllib3.connectionpool: Starting new HTTP connection (1): 127.0.0.1:80
[2021-10-22 15:15:46,019] DEBUG in urllib3.connectionpool: http://127.0.0.1:80 "GET /login?username=fishyfish&password=123456789 HTTP/1.1" 200 4
[2021-10-22 15:15:46,023] DEBUG in urllib3.connectionpool: Starting new HTTP connection (1): localhost:5000
[2021-10-22 15:15:46,025] DEBUG in urllib3.connectionpool: http://localhost:5000 "GET /get-following/fishyfish HTTP/1.1" 200 226
[2021-10-22 15:16:56,852] DEBUG in urllib3.connectionpool: Starting new HTTP connection (1): 127.0.0.1:80
[2021-10-22 15:16:56,865] DEBUG in urllib3.connectionpool: http://127.0.0.1:80 "GET /login?username=fishyfish&password=123456789 HTTP/1.1" 200 4
[2021-10-22 15:16:56,867] DEBUG in urllib3.connectionpool: Starting new HTTP connection (1): localhost:5000
[2021-10-22 15:16:56,869] DEBUG in urllib3.connectionpool: http://localhost:5000 "GET /get-following/fishyfish HTTP/1.1" 200 226
[2021-10-22 15:18:19,740] DEBUG in urllib3.connectionpool: Starting new HTTP connection (1): 127.0.0.1:80
[2021-10-22 15:18:19,756] DEBUG in urllib3.connectionpool: http://127.0.0.1:80 "GET /login?username=fishyfish&password=123456789 HTTP/1.1" 200 4
[2021-10-22 15:18:19,761] DEBUG in urllib3.connectionpool: Starting new HTTP connection (1): localhost:5000
[2021-10-22 15:18:19,764] DEBUG in urllib3.connectionpool: http://localhost:5000 "GET /get-following/fishyfish HTTP/1.1" 200 226
[2021-11-25 22:13:38,191] DEBUG in urllib3.connectionpool: Starting new HTTP connection (1): localhost:5000
[2021-11-25 22:13:38,197] DEBUG in urllib3.connectionpool: http://localhost:5000 "POST /register-instance/ HTTP/1.1" 201 4
[2021-11-25 22:13:40,663] DEBUG in urllib3.connectionpool: Starting new HTTP connection (1): localhost:5000
[2021-11-25 22:13:40,664] DEBUG in urllib3.connectionpool: http://localhost:5000 "POST /register-instance/ HTTP/1.1" 201 4
[2021-11-25 22:13:42,455] DEBUG in urllib3.connectionpool: Starting new HTTP connection (1): localhost:5000
[2021-11-25 22:13:42,456] DEBUG in urllib3.connectionpool: http://localhost:5000 "POST /register-instance/ HTTP/1.1" 201 4
[2021-11-25 22:27:43,734] DEBUG in urllib3.connectionpool: Starting new HTTP connection (1): localhost:5000
[2021-11-25 22:27:43,748] DEBUG in urllib3.connectionpool: http://localhost:5000 "POST /register-instance/ HTTP/1.1" 201 4
[2021-11-25 22:27:43,756] DEBUG in urllib3.connectionpool: Starting new HTTP connection (1): localhost:5000
[2021-11-25 22:27:43,757] DEBUG in urllib3.connectionpool: http://localhost:5000 "GET /users HTTP/1.1" 200 2
[2021-11-25 22:28:16,889] DEBUG in urllib3.connectionpool: Starting new HTTP connection (1): localhost:5000
[2021-11-25 22:28:16,891] DEBUG in urllib3.connectionpool: http://localhost:5000 "POST /register-instance/ HTTP/1.1" 201 4
[2021-11-25 22:28:16,899] DEBUG in urllib3.connectionpool: Starting new HTTP connection (1): localhost:5000
[2021-11-25 22:28:16,902] DEBUG in urllib3.connectionpool: http://localhost:5000 "GET /users HTTP/1.1" 200 2
[2021-11-25 22:29:12,879] DEBUG in urllib3.connectionpool: Starting new HTTP connection (1): localhost:5000
[2021-11-25 22:29:12,880] DEBUG in urllib3.connectionpool: http://localhost:5000 "POST /register-instance/ HTTP/1.1" 201 4
[2021-11-25 22:30:10,139] DEBUG in urllib3.connectionpool: Starting new HTTP connection (1): localhost:5000
[2021-11-25 22:30:10,140] DEBUG in urllib3.connectionpool: http://localhost:5000 "GET /users HTTP/1.1" 200 25
[2021-11-25 22:30:10,141] DEBUG in urllib3.connectionpool: Starting new HTTP connection (1): tuffix-vm:5100
[2021-11-25 22:30:10,143] DEBUG in urllib3.connectionpool: http://tuffix-vm:5100 "GET /login?username=vinhtran&password=cry HTTP/1.1" 200 4
[2021-11-25 22:30:45,024] DEBUG in urllib3.connectionpool: Starting new HTTP connection (1): localhost:5000
[2021-11-25 22:30:45,026] DEBUG in urllib3.connectionpool: http://localhost:5000 "POST /register-instance/ HTTP/1.1" 201 4
[2021-11-25 22:30:45,035] DEBUG in urllib3.connectionpool: Starting new HTTP connection (1): localhost:5000
[2021-11-25 22:30:45,038] DEBUG in urllib3.connectionpool: http://localhost:5000 "GET /users HTTP/1.1" 200 25
[2021-11-25 22:30:45,039] DEBUG in urllib3.connectionpool: Starting new HTTP connection (1): tuffix-vm:5100
[2021-11-25 22:30:45,042] DEBUG in urllib3.connectionpool: http://tuffix-vm:5100 "GET /login?username=vinhtran&password=cry HTTP/1.1" 200 4
[2021-11-25 22:32:30,740] DEBUG in urllib3.connectionpool: Starting new HTTP connection (1): localhost:5000
[2021-11-25 22:32:30,745] DEBUG in urllib3.connectionpool: http://localhost:5000 "POST /register-instance/ HTTP/1.1" 201 4
[2021-11-25 22:32:30,756] DEBUG in urllib3.connectionpool: Starting new HTTP connection (1): localhost:5000
[2021-11-25 22:32:30,757] DEBUG in urllib3.connectionpool: http://localhost:5000 "GET /users HTTP/1.1" 200 2
[2021-11-25 22:35:01,059] DEBUG in urllib3.connectionpool: Starting new HTTP connection (1): localhost:5000
[2021-11-25 22:35:01,060] DEBUG in urllib3.connectionpool: http://localhost:5000 "POST /register-instance/ HTTP/1.1" 201 4
[2021-11-25 22:35:01,069] DEBUG in urllib3.connectionpool: Starting new HTTP connection (1): localhost:5000
[2021-11-25 22:35:01,071] DEBUG in urllib3.connectionpool: http://localhost:5000 "GET /users HTTP/1.1" 200 25
[2021-11-25 22:35:01,074] DEBUG in urllib3.connectionpool: Starting new HTTP connection (1): tuffix-vm:5100
[2021-11-25 22:35:01,075] DEBUG in urllib3.connectionpool: http://tuffix-vm:5100 "GET /login?username=vinhtran&password=cry HTTP/1.1" 200 4
[2021-11-25 22:36:03,726] DEBUG in urllib3.connectionpool: Starting new HTTP connection (1): localhost:5000
[2021-11-25 22:36:03,731] DEBUG in urllib3.connectionpool: http://localhost:5000 "POST /register-instance/ HTTP/1.1" 201 4
[2021-11-25 22:36:03,742] DEBUG in urllib3.connectionpool: Starting new HTTP connection (1): localhost:5000
[2021-11-25 22:36:03,744] DEBUG in urllib3.connectionpool: http://localhost:5000 "GET /users HTTP/1.1" 200 2
[2021-11-25 22:37:42,418] DEBUG in urllib3.connectionpool: Starting new HTTP connection (1): localhost:5000
[2021-11-25 22:37:42,420] DEBUG in urllib3.connectionpool: http://localhost:5000 "POST /register-instance/ HTTP/1.1" 201 4
[2021-11-25 22:37:42,428] DEBUG in urllib3.connectionpool: Starting new HTTP connection (1): localhost:5000
[2021-11-25 22:37:42,430] DEBUG in urllib3.connectionpool: http://localhost:5000 "GET /users HTTP/1.1" 200 25
[2021-11-25 22:37:42,433] DEBUG in urllib3.connectionpool: Starting new HTTP connection (1): tuffix-vm:5100
[2021-11-25 22:37:42,434] DEBUG in urllib3.connectionpool: http://tuffix-vm:5100 "GET /login?username=vinhtran&password=cry HTTP/1.1" 200 4
[2021-11-25 22:37:42,436] DEBUG in urllib3.connectionpool: Starting new HTTP connection (1): localhost:5000
[2021-11-25 22:37:42,437] DEBUG in urllib3.connectionpool: http://localhost:5000 "GET /users HTTP/1.1" 200 25
[2021-11-25 22:37:42,438] DEBUG in urllib3.connectionpool: Starting new HTTP connection (1): tuffix-vm:5100
[2021-11-25 22:37:42,440] DEBUG in urllib3.connectionpool: http://tuffix-vm:5100 "GET /get-following?username=vinhtran HTTP/1.1" 404 5565
[2021-11-25 22:42:24,742] DEBUG in urllib3.connectionpool: Starting new HTTP connection (1): localhost:5000
[2021-11-25 22:42:24,743] DEBUG in urllib3.connectionpool: http://localhost:5000 "POST /register-instance/ HTTP/1.1" 201 4
[2021-11-25 22:42:24,752] DEBUG in urllib3.connectionpool: Starting new HTTP connection (1): localhost:5000
[2021-11-25 22:42:24,754] DEBUG in urllib3.connectionpool: http://localhost:5000 "GET /users HTTP/1.1" 200 25
[2021-11-25 22:42:24,756] DEBUG in urllib3.connectionpool: Starting new HTTP connection (1): tuffix-vm:5100
[2021-11-25 22:42:24,758] DEBUG in urllib3.connectionpool: http://tuffix-vm:5100 "GET /login?username=vinhtran&password=cry HTTP/1.1" 200 4
[2021-11-25 22:42:24,759] DEBUG in urllib3.connectionpool: Starting new HTTP connection (1): localhost:5000
[2021-11-25 22:42:24,760] DEBUG in urllib3.connectionpool: http://localhost:5000 "GET /users HTTP/1.1" 200 25
[2021-11-25 22:42:24,762] DEBUG in urllib3.connectionpool: Starting new HTTP connection (1): tuffix-vm:5100
[2021-11-25 22:42:24,765] DEBUG in urllib3.connectionpool: http://tuffix-vm:5100 "GET /get-following?username=vinhtran HTTP/1.1" 404 5565
[2021-11-25 22:44:19,271] DEBUG in urllib3.connectionpool: Starting new HTTP connection (1): localhost:5000
[2021-11-25 22:44:19,274] DEBUG in urllib3.connectionpool: http://localhost:5000 "POST /register-instance/ HTTP/1.1" 201 4
[2021-11-25 22:44:19,282] DEBUG in urllib3.connectionpool: Starting new HTTP connection (1): localhost:5000
[2021-11-25 22:44:19,285] DEBUG in urllib3.connectionpool: http://localhost:5000 "GET /users HTTP/1.1" 200 25
[2021-11-25 22:44:19,287] DEBUG in urllib3.connectionpool: Starting new HTTP connection (1): tuffix-vm:5100
[2021-11-25 22:44:19,288] DEBUG in urllib3.connectionpool: http://tuffix-vm:5100 "GET /login?username=vinhtran&password=cry HTTP/1.1" 200 4
[2021-11-25 22:44:19,290] DEBUG in urllib3.connectionpool: Starting new HTTP connection (1): localhost:5000
[2021-11-25 22:44:19,291] DEBUG in urllib3.connectionpool: http://localhost:5000 "GET /users HTTP/1.1" 200 25
[2021-11-25 22:44:19,292] DEBUG in urllib3.connectionpool: Starting new HTTP connection (1): tuffix-vm:5100
[2021-11-25 22:44:19,294] DEBUG in urllib3.connectionpool: http://tuffix-vm:5100 "GET /get-following/?username=vinhtran HTTP/1.1" 404 5565
[2021-11-25 22:45:30,581] DEBUG in urllib3.connectionpool: Starting new HTTP connection (1): localhost:5000
[2021-11-25 22:45:30,586] DEBUG in urllib3.connectionpool: http://localhost:5000 "POST /register-instance/ HTTP/1.1" 201 4
[2021-11-25 22:45:30,595] DEBUG in urllib3.connectionpool: Starting new HTTP connection (1): localhost:5000
[2021-11-25 22:45:30,597] DEBUG in urllib3.connectionpool: http://localhost:5000 "GET /users HTTP/1.1" 200 2
[2021-11-25 22:45:36,674] DEBUG in urllib3.connectionpool: Starting new HTTP connection (1): localhost:5000
[2021-11-25 22:45:36,676] DEBUG in urllib3.connectionpool: http://localhost:5000 "POST /register-instance/ HTTP/1.1" 201 4
[2021-11-25 22:45:36,684] DEBUG in urllib3.connectionpool: Starting new HTTP connection (1): localhost:5000
[2021-11-25 22:45:36,687] DEBUG in urllib3.connectionpool: http://localhost:5000 "GET /users HTTP/1.1" 200 25
[2021-11-25 22:45:36,689] DEBUG in urllib3.connectionpool: Starting new HTTP connection (1): tuffix-vm:5100
[2021-11-25 22:45:36,690] DEBUG in urllib3.connectionpool: http://tuffix-vm:5100 "GET /login?username=vinhtran&password=cry HTTP/1.1" 200 4
[2021-11-25 22:45:36,692] DEBUG in urllib3.connectionpool: Starting new HTTP connection (1): localhost:5000
[2021-11-25 22:45:36,693] DEBUG in urllib3.connectionpool: http://localhost:5000 "GET /users HTTP/1.1" 200 25
[2021-11-25 22:45:36,694] DEBUG in urllib3.connectionpool: Starting new HTTP connection (1): tuffix-vm:5100
[2021-11-25 22:45:36,695] DEBUG in urllib3.connectionpool: http://tuffix-vm:5100 "GET /get-following/vinhtran HTTP/1.1" 200 167
[2021-11-25 22:48:16,391] DEBUG in urllib3.connectionpool: Starting new HTTP connection (1): localhost:5000
[2021-11-25 22:48:16,396] DEBUG in urllib3.connectionpool: http://localhost:5000 "POST /register-instance/ HTTP/1.1" 201 4
[2021-11-25 22:48:16,408] DEBUG in urllib3.connectionpool: Starting new HTTP connection (1): localhost:5000
[2021-11-25 22:48:16,409] DEBUG in urllib3.connectionpool: http://localhost:5000 "GET /users HTTP/1.1" 200 2
[2021-11-25 22:58:02,009] DEBUG in urllib3.connectionpool: Starting new HTTP connection (1): localhost:5000
[2021-11-25 22:58:02,015] DEBUG in urllib3.connectionpool: http://localhost:5000 "POST /register-instance/ HTTP/1.1" 201 4
[2021-11-25 22:58:02,025] DEBUG in urllib3.connectionpool: Starting new HTTP connection (1): localhost:5000
[2021-11-25 22:58:02,027] DEBUG in urllib3.connectionpool: http://localhost:5000 "GET /users HTTP/1.1" 200 2
[2021-11-25 22:58:28,616] DEBUG in urllib3.connectionpool: Starting new HTTP connection (1): localhost:5000
[2021-11-25 22:58:28,618] DEBUG in urllib3.connectionpool: http://localhost:5000 "POST /register-instance/ HTTP/1.1" 201 4
[2021-11-25 22:58:28,626] DEBUG in urllib3.connectionpool: Starting new HTTP connection (1): localhost:5000
[2021-11-25 22:58:28,628] DEBUG in urllib3.connectionpool: http://localhost:5000 "GET /users HTTP/1.1" 200 25
[2021-11-25 22:58:28,630] DEBUG in urllib3.connectionpool: Starting new HTTP connection (1): tuffix-vm:5100
[2021-11-25 22:58:28,631] DEBUG in urllib3.connectionpool: http://tuffix-vm:5100 "GET /login?username=vinhtran&password=cry HTTP/1.1" 200 4
[2021-11-25 22:58:28,634] DEBUG in urllib3.connectionpool: Starting new HTTP connection (1): localhost:5000
[2021-11-25 22:58:28,635] DEBUG in urllib3.connectionpool: http://localhost:5000 "GET /users HTTP/1.1" 200 25
[2021-11-25 22:58:28,637] DEBUG in urllib3.connectionpool: Starting new HTTP connection (1): tuffix-vm:5100
[2021-11-25 22:58:28,638] DEBUG in urllib3.connectionpool: http://tuffix-vm:5100 "GET /get-following/vinhtran HTTP/1.1" 200 167
[2021-11-25 23:03:02,422] DEBUG in urllib3.connectionpool: Starting new HTTP connection (1): localhost:5000
[2021-11-25 23:03:02,427] DEBUG in urllib3.connectionpool: http://localhost:5000 "POST /register-instance/ HTTP/1.1" 201 4
[2021-11-25 23:03:02,437] DEBUG in urllib3.connectionpool: Starting new HTTP connection (1): localhost:5000
[2021-11-25 23:03:02,439] DEBUG in urllib3.connectionpool: http://localhost:5000 "GET /users HTTP/1.1" 200 2
[2021-11-25 23:03:15,195] DEBUG in urllib3.connectionpool: Starting new HTTP connection (1): localhost:5000
[2021-11-25 23:03:15,197] DEBUG in urllib3.connectionpool: http://localhost:5000 "POST /register-instance/ HTTP/1.1" 201 4
[2021-11-25 23:03:15,205] DEBUG in urllib3.connectionpool: Starting new HTTP connection (1): localhost:5000
[2021-11-25 23:03:15,208] DEBUG in urllib3.connectionpool: http://localhost:5000 "GET /users HTTP/1.1" 200 25
[2021-11-25 23:03:15,210] DEBUG in urllib3.connectionpool: Starting new HTTP connection (1): tuffix-vm:5100
[2021-11-25 23:03:15,211] DEBUG in urllib3.connectionpool: http://tuffix-vm:5100 "GET /login?username=vinhtran&password=cry HTTP/1.1" 200 4
[2021-11-25 23:03:15,213] DEBUG in urllib3.connectionpool: Starting new HTTP connection (1): localhost:5000
[2021-11-25 23:03:15,214] DEBUG in urllib3.connectionpool: http://localhost:5000 "GET /users HTTP/1.1" 200 25
[2021-11-25 23:03:15,215] DEBUG in urllib3.connectionpool: Starting new HTTP connection (1): tuffix-vm:5100
[2021-11-25 23:03:15,217] DEBUG in urllib3.connectionpool: http://tuffix-vm:5100 "GET /get-following/vinhtran HTTP/1.1" 200 167
[2021-11-25 23:03:19,891] DEBUG in urllib3.connectionpool: Starting new HTTP connection (1): localhost:5000
[2021-11-25 23:03:19,893] DEBUG in urllib3.connectionpool: http://localhost:5000 "GET /users HTTP/1.1" 200 25
[2021-11-25 23:03:19,894] DEBUG in urllib3.connectionpool: Starting new HTTP connection (1): tuffix-vm:5100
[2021-11-25 23:03:19,896] DEBUG in urllib3.connectionpool: http://tuffix-vm:5100 "GET /login?username=vinhtran&password=cry HTTP/1.1" 200 4
[2021-11-25 23:37:29,025] DEBUG in urllib3.connectionpool: Starting new HTTP connection (1): localhost:5000
[2021-11-25 23:37:29,027] DEBUG in urllib3.connectionpool: http://localhost:5000 "POST /register-instance/ HTTP/1.1" 201 4
[2021-11-25 23:37:53,771] DEBUG in urllib3.connectionpool: Starting new HTTP connection (1): localhost:5000
[2021-11-25 23:37:53,773] DEBUG in urllib3.connectionpool: http://localhost:5000 "POST /register-instance/ HTTP/1.1" 201 4
[2021-11-26 09:34:00,620] DEBUG in urllib3.connectionpool: Starting new HTTP connection (1): localhost:5000
[2021-11-26 09:34:00,627] DEBUG in urllib3.connectionpool: http://localhost:5000 "POST /register-instance/ HTTP/1.1" 201 4
[2021-11-26 09:34:00,636] DEBUG in urllib3.connectionpool: Starting new HTTP connection (1): localhost:5000
[2021-11-26 09:34:00,637] DEBUG in urllib3.connectionpool: http://localhost:5000 "GET /users HTTP/1.1" 200 25
[2021-11-26 09:34:00,639] DEBUG in urllib3.connectionpool: Starting new HTTP connection (1): tuffix-vm:5100
[2021-11-26 09:34:00,640] DEBUG in urllib3.connectionpool: http://tuffix-vm:5100 "GET /login?username=vinhtran&password=cry HTTP/1.1" 200 4
[2021-11-26 09:34:00,644] DEBUG in urllib3.connectionpool: Starting new HTTP connection (1): localhost:5000
[2021-11-26 09:34:00,645] DEBUG in urllib3.connectionpool: http://localhost:5000 "GET /users HTTP/1.1" 200 25
[2021-11-26 09:34:00,646] DEBUG in urllib3.connectionpool: Starting new HTTP connection (1): tuffix-vm:5100
[2021-11-26 09:34:00,652] DEBUG in urllib3.connectionpool: http://tuffix-vm:5100 "GET /get-following/vinhtran HTTP/1.1" 200 167
[2021-11-26 09:35:00,420] DEBUG in urllib3.connectionpool: Starting new HTTP connection (1): localhost:5000
[2021-11-26 09:35:00,425] DEBUG in urllib3.connectionpool: http://localhost:5000 "POST /register-instance/ HTTP/1.1" 201 4
[2021-11-26 09:35:00,434] DEBUG in urllib3.connectionpool: Starting new HTTP connection (1): localhost:5000
[2021-11-26 09:35:00,435] DEBUG in urllib3.connectionpool: http://localhost:5000 "GET /users HTTP/1.1" 200 2
[2021-11-26 09:35:06,266] DEBUG in urllib3.connectionpool: Starting new HTTP connection (1): localhost:5000
[2021-11-26 09:35:06,268] DEBUG in urllib3.connectionpool: http://localhost:5000 "POST /register-instance/ HTTP/1.1" 201 4
[2021-11-26 09:35:06,276] DEBUG in urllib3.connectionpool: Starting new HTTP connection (1): localhost:5000
[2021-11-26 09:35:06,280] DEBUG in urllib3.connectionpool: http://localhost:5000 "GET /users HTTP/1.1" 200 25
[2021-11-26 09:35:06,281] DEBUG in urllib3.connectionpool: Starting new HTTP connection (1): tuffix-vm:5100
[2021-11-26 09:35:06,283] DEBUG in urllib3.connectionpool: http://tuffix-vm:5100 "GET /login?username=vinhtran&password=cry HTTP/1.1" 200 4
[2021-11-26 09:35:06,284] DEBUG in urllib3.connectionpool: Starting new HTTP connection (1): localhost:5000
[2021-11-26 09:35:06,286] DEBUG in urllib3.connectionpool: http://localhost:5000 "GET /users HTTP/1.1" 200 25
[2021-11-26 09:35:06,287] DEBUG in urllib3.connectionpool: Starting new HTTP connection (1): tuffix-vm:5100
[2021-11-26 09:35:06,289] DEBUG in urllib3.connectionpool: http://tuffix-vm:5100 "GET /get-following/vinhtran HTTP/1.1" 200 167
[2021-11-26 09:37:10,469] DEBUG in urllib3.connectionpool: Starting new HTTP connection (1): localhost:5000
[2021-11-26 09:37:10,470] DEBUG in urllib3.connectionpool: http://localhost:5000 "POST /register-instance/ HTTP/1.1" 201 4
[2021-11-26 09:37:10,482] DEBUG in urllib3.connectionpool: Starting new HTTP connection (1): localhost:5000
[2021-11-26 09:37:10,483] DEBUG in urllib3.connectionpool: http://localhost:5000 "GET /users HTTP/1.1" 200 25
[2021-11-26 09:37:10,485] DEBUG in urllib3.connectionpool: Starting new HTTP connection (1): tuffix-vm:5100
[2021-11-26 09:37:10,486] DEBUG in urllib3.connectionpool: http://tuffix-vm:5100 "GET /login?username=vinhtran&password=cry HTTP/1.1" 200 4
[2021-11-26 09:37:10,488] DEBUG in urllib3.connectionpool: Starting new HTTP connection (1): localhost:5000
[2021-11-26 09:37:10,489] DEBUG in urllib3.connectionpool: http://localhost:5000 "GET /users HTTP/1.1" 200 25
[2021-11-26 09:37:10,490] DEBUG in urllib3.connectionpool: Starting new HTTP connection (1): tuffix-vm:5100
[2021-11-26 09:37:10,492] DEBUG in urllib3.connectionpool: http://tuffix-vm:5100 "GET /get-following/vinhtran HTTP/1.1" 200 167
[2021-11-26 09:39:01,516] DEBUG in urllib3.connectionpool: Starting new HTTP connection (1): localhost:5000
[2021-11-26 09:39:01,521] DEBUG in urllib3.connectionpool: http://localhost:5000 "POST /register-instance/ HTTP/1.1" 201 4
[2021-11-26 09:39:01,533] DEBUG in urllib3.connectionpool: Starting new HTTP connection (1): localhost:5000
[2021-11-26 09:39:01,534] DEBUG in urllib3.connectionpool: http://localhost:5000 "GET /users HTTP/1.1" 200 2
[2021-11-26 09:39:06,473] DEBUG in urllib3.connectionpool: Starting new HTTP connection (1): localhost:5000
[2021-11-26 09:39:06,475] DEBUG in urllib3.connectionpool: http://localhost:5000 "POST /register-instance/ HTTP/1.1" 201 4
[2021-11-26 09:39:06,484] DEBUG in urllib3.connectionpool: Starting new HTTP connection (1): localhost:5000
[2021-11-26 09:39:06,488] DEBUG in urllib3.connectionpool: http://localhost:5000 "GET /users HTTP/1.1" 200 25
[2021-11-26 09:39:06,489] DEBUG in urllib3.connectionpool: Starting new HTTP connection (1): tuffix-vm:5100
[2021-11-26 09:39:06,491] DEBUG in urllib3.connectionpool: http://tuffix-vm:5100 "GET /login?username=vinhtran&password=cry HTTP/1.1" 200 4
[2021-11-26 09:39:06,492] DEBUG in urllib3.connectionpool: Starting new HTTP connection (1): localhost:5000
[2021-11-26 09:39:06,493] DEBUG in urllib3.connectionpool: http://localhost:5000 "GET /users HTTP/1.1" 200 25
[2021-11-26 09:39:06,494] DEBUG in urllib3.connectionpool: Starting new HTTP connection (1): tuffix-vm:5100
[2021-11-26 09:39:06,496] DEBUG in urllib3.connectionpool: http://tuffix-vm:5100 "GET /get-following/vinhtran HTTP/1.1" 200 167
[2021-11-26 09:44:19,884] DEBUG in urllib3.connectionpool: Starting new HTTP connection (1): localhost:5000
[2021-11-26 09:44:19,886] DEBUG in urllib3.connectionpool: http://localhost:5000 "POST /register-instance/ HTTP/1.1" 201 4
[2021-11-26 09:44:19,894] DEBUG in urllib3.connectionpool: Starting new HTTP connection (1): localhost:5000
[2021-11-26 09:44:19,896] DEBUG in urllib3.connectionpool: http://localhost:5000 "GET /users HTTP/1.1" 200 25
[2021-11-26 09:44:19,898] DEBUG in urllib3.connectionpool: Starting new HTTP connection (1): tuffix-vm:5100
[2021-11-26 09:44:19,901] DEBUG in urllib3.connectionpool: http://tuffix-vm:5100 "GET /login?username=vinhtran&password=cry HTTP/1.1" 200 4
[2021-11-26 09:44:19,902] DEBUG in urllib3.connectionpool: Starting new HTTP connection (1): localhost:5000
[2021-11-26 09:44:19,903] DEBUG in urllib3.connectionpool: http://localhost:5000 "GET /users HTTP/1.1" 200 25
[2021-11-26 09:44:19,906] DEBUG in urllib3.connectionpool: Starting new HTTP connection (1): tuffix-vm:5100
[2021-11-26 09:44:19,908] DEBUG in urllib3.connectionpool: http://tuffix-vm:5100 "GET /get-following/vinhtran HTTP/1.1" 200 167
[2021-11-26 09:45:13,003] DEBUG in urllib3.connectionpool: Starting new HTTP connection (1): localhost:5000
[2021-11-26 09:45:13,004] DEBUG in urllib3.connectionpool: http://localhost:5000 "POST /register-instance/ HTTP/1.1" 201 4
[2021-11-26 09:45:13,013] DEBUG in urllib3.connectionpool: Starting new HTTP connection (1): localhost:5000
[2021-11-26 09:45:13,016] DEBUG in urllib3.connectionpool: http://localhost:5000 "GET /users HTTP/1.1" 200 25
[2021-11-26 09:45:13,017] DEBUG in urllib3.connectionpool: Starting new HTTP connection (1): tuffix-vm:5100
[2021-11-26 09:45:13,019] DEBUG in urllib3.connectionpool: http://tuffix-vm:5100 "GET /login?username=vinhtran&password=cry HTTP/1.1" 200 4
[2021-11-26 09:45:13,020] DEBUG in urllib3.connectionpool: Starting new HTTP connection (1): localhost:5000
[2021-11-26 09:45:13,021] DEBUG in urllib3.connectionpool: http://localhost:5000 "GET /users HTTP/1.1" 200 25
[2021-11-26 09:45:13,024] DEBUG in urllib3.connectionpool: Starting new HTTP connection (1): tuffix-vm:5100
[2021-11-26 09:45:13,025] DEBUG in urllib3.connectionpool: http://tuffix-vm:5100 "GET /get-following/vinhtran HTTP/1.1" 200 167
[2021-11-26 09:46:00,149] DEBUG in urllib3.connectionpool: Starting new HTTP connection (1): localhost:5000
[2021-11-26 09:46:00,151] DEBUG in urllib3.connectionpool: http://localhost:5000 "POST /register-instance/ HTTP/1.1" 201 4
[2021-11-26 09:46:00,159] DEBUG in urllib3.connectionpool: Starting new HTTP connection (1): localhost:5000
[2021-11-26 09:46:00,163] DEBUG in urllib3.connectionpool: http://localhost:5000 "GET /users HTTP/1.1" 200 25
[2021-11-26 09:46:00,164] DEBUG in urllib3.connectionpool: Starting new HTTP connection (1): tuffix-vm:5100
[2021-11-26 09:46:00,166] DEBUG in urllib3.connectionpool: http://tuffix-vm:5100 "GET /login?username=fishyfish&password=123456789 HTTP/1.1" 200 4
[2021-11-26 09:46:00,167] DEBUG in urllib3.connectionpool: Starting new HTTP connection (1): localhost:5000
[2021-11-26 09:46:00,168] DEBUG in urllib3.connectionpool: http://localhost:5000 "GET /users HTTP/1.1" 200 25
[2021-11-26 09:46:00,170] DEBUG in urllib3.connectionpool: Starting new HTTP connection (1): tuffix-vm:5100
[2021-11-26 09:46:00,171] DEBUG in urllib3.connectionpool: http://tuffix-vm:5100 "GET /get-following/fishyfish HTTP/1.1" 200 226
[2021-11-26 09:59:08,049] DEBUG in urllib3.connectionpool: Starting new HTTP connection (1): localhost:5000
[2021-11-26 09:59:08,051] DEBUG in urllib3.connectionpool: http://localhost:5000 "POST /register-instance/ HTTP/1.1" 201 4
[2021-11-26 09:59:08,060] DEBUG in urllib3.connectionpool: Starting new HTTP connection (1): localhost:5000
[2021-11-26 09:59:08,062] DEBUG in urllib3.connectionpool: http://localhost:5000 "GET /users HTTP/1.1" 200 25
[2021-11-26 09:59:08,064] DEBUG in urllib3.connectionpool: Starting new HTTP connection (1): tuffix-vm:5100
[2021-11-26 09:59:08,066] DEBUG in urllib3.connectionpool: http://tuffix-vm:5100 "GET /login?username=fishyfish&password=123456789 HTTP/1.1" 200 4
[2021-11-26 09:59:08,067] DEBUG in urllib3.connectionpool: Starting new HTTP connection (1): localhost:5000
[2021-11-26 09:59:08,068] DEBUG in urllib3.connectionpool: http://localhost:5000 "GET /users HTTP/1.1" 200 25
[2021-11-26 09:59:08,070] DEBUG in urllib3.connectionpool: Starting new HTTP connection (1): tuffix-vm:5100
[2021-11-26 09:59:08,071] DEBUG in urllib3.connectionpool: http://tuffix-vm:5100 "GET /get-following/fishyfish HTTP/1.1" 200 226
[2021-11-26 10:01:53,849] DEBUG in urllib3.connectionpool: Starting new HTTP connection (1): localhost:5000
[2021-11-26 10:01:53,851] DEBUG in urllib3.connectionpool: http://localhost:5000 "POST /register-instance/ HTTP/1.1" 201 4
[2021-11-26 10:01:53,859] DEBUG in urllib3.connectionpool: Starting new HTTP connection (1): localhost:5000
[2021-11-26 10:01:53,864] DEBUG in urllib3.connectionpool: http://localhost:5000 "GET /users HTTP/1.1" 200 25
[2021-11-26 10:01:53,865] DEBUG in urllib3.connectionpool: Starting new HTTP connection (1): tuffix-vm:5100
[2021-11-26 10:01:53,867] DEBUG in urllib3.connectionpool: http://tuffix-vm:5100 "GET /login?username=fishyfish&password=123456789 HTTP/1.1" 200 4
[2021-11-26 10:01:53,868] DEBUG in urllib3.connectionpool: Starting new HTTP connection (1): localhost:5000
[2021-11-26 10:01:53,869] DEBUG in urllib3.connectionpool: http://localhost:5000 "GET /users HTTP/1.1" 200 25
[2021-11-26 10:01:53,871] DEBUG in urllib3.connectionpool: Starting new HTTP connection (1): tuffix-vm:5100
[2021-11-26 10:01:53,872] DEBUG in urllib3.connectionpool: http://tuffix-vm:5100 "GET /get-following/fishyfish HTTP/1.1" 200 226
[2021-11-26 10:06:21,347] DEBUG in urllib3.connectionpool: Starting new HTTP connection (1): localhost:5000
[2021-11-26 10:06:21,349] DEBUG in urllib3.connectionpool: http://localhost:5000 "POST /register-instance/ HTTP/1.1" 201 4
[2021-11-26 10:06:21,357] DEBUG in urllib3.connectionpool: Starting new HTTP connection (1): localhost:5000
[2021-11-26 10:06:21,360] DEBUG in urllib3.connectionpool: http://localhost:5000 "GET /users HTTP/1.1" 200 25
[2021-11-26 10:06:21,361] DEBUG in urllib3.connectionpool: Starting new HTTP connection (1): tuffix-vm:5100
[2021-11-26 10:06:21,362] DEBUG in urllib3.connectionpool: http://tuffix-vm:5100 "GET /login?username=fishyfish&password=123456789 HTTP/1.1" 200 4
[2021-11-26 10:06:21,367] DEBUG in urllib3.connectionpool: Starting new HTTP connection (1): localhost:5000
[2021-11-26 10:06:21,368] DEBUG in urllib3.connectionpool: http://localhost:5000 "GET /users HTTP/1.1" 200 25
[2021-11-26 10:06:21,369] DEBUG in urllib3.connectionpool: Starting new HTTP connection (1): tuffix-vm:5100
[2021-11-26 10:06:21,371] DEBUG in urllib3.connectionpool: http://tuffix-vm:5100 "GET /get-following/fishyfish HTTP/1.1" 200 226
[2021-11-26 10:22:00,259] DEBUG in urllib3.connectionpool: Starting new HTTP connection (1): localhost:5000
[2021-11-26 10:22:00,261] DEBUG in urllib3.connectionpool: http://localhost:5000 "POST /register-instance/ HTTP/1.1" 201 4
[2021-11-26 10:22:00,269] DEBUG in urllib3.connectionpool: Starting new HTTP connection (1): localhost:5000
[2021-11-26 10:22:00,272] DEBUG in urllib3.connectionpool: http://localhost:5000 "GET /users HTTP/1.1" 200 25
[2021-11-26 10:22:00,273] DEBUG in urllib3.connectionpool: Starting new HTTP connection (1): tuffix-vm:5100
[2021-11-26 10:22:00,275] DEBUG in urllib3.connectionpool: http://tuffix-vm:5100 "GET /login?username=fishyfish&password=123456789 HTTP/1.1" 200 4
[2021-11-26 10:22:00,277] DEBUG in urllib3.connectionpool: Starting new HTTP connection (1): localhost:5000
[2021-11-26 10:22:00,278] DEBUG in urllib3.connectionpool: http://localhost:5000 "GET /users HTTP/1.1" 200 25
[2021-11-26 10:22:00,279] DEBUG in urllib3.connectionpool: Starting new HTTP connection (1): tuffix-vm:5100
[2021-11-26 10:22:00,280] DEBUG in urllib3.connectionpool: http://tuffix-vm:5100 "GET /get-following/fishyfish HTTP/1.1" 200 226
[2021-11-26 10:52:03,471] DEBUG in urllib3.connectionpool: Starting new HTTP connection (1): localhost:5000
[2021-11-26 10:52:03,472] DEBUG in urllib3.connectionpool: http://localhost:5000 "POST /register-instance/ HTTP/1.1" 201 4
[2021-11-26 10:52:03,481] DEBUG in urllib3.connectionpool: Starting new HTTP connection (1): localhost:5000
[2021-11-26 10:52:03,483] DEBUG in urllib3.connectionpool: http://localhost:5000 "GET /users HTTP/1.1" 200 25
[2021-11-26 10:52:03,485] DEBUG in urllib3.connectionpool: Starting new HTTP connection (1): tuffix-vm:5100
[2021-11-26 10:52:03,487] DEBUG in urllib3.connectionpool: http://tuffix-vm:5100 "GET /login?username=vinhtran&password=cry HTTP/1.1" 200 4
[2021-11-26 10:52:03,489] DEBUG in urllib3.connectionpool: Starting new HTTP connection (1): localhost:5000
[2021-11-26 10:52:03,490] DEBUG in urllib3.connectionpool: http://localhost:5000 "GET /users HTTP/1.1" 200 25
[2021-11-26 10:52:03,491] DEBUG in urllib3.connectionpool: Starting new HTTP connection (1): tuffix-vm:5100
[2021-11-26 10:52:03,493] DEBUG in urllib3.connectionpool: http://tuffix-vm:5100 "GET /get-following/vinhtran HTTP/1.1" 200 167
[2021-11-26 10:52:27,921] DEBUG in urllib3.connectionpool: Starting new HTTP connection (1): localhost:5000
[2021-11-26 10:52:27,922] DEBUG in urllib3.connectionpool: http://localhost:5000 "POST /register-instance/ HTTP/1.1" 201 4
[2021-11-26 10:52:27,930] DEBUG in urllib3.connectionpool: Starting new HTTP connection (1): localhost:5000
[2021-11-26 10:52:27,932] DEBUG in urllib3.connectionpool: http://localhost:5000 "GET /users HTTP/1.1" 200 25
[2021-11-26 10:52:27,934] DEBUG in urllib3.connectionpool: Starting new HTTP connection (1): tuffix-vm:5100
[2021-11-26 10:52:27,937] DEBUG in urllib3.connectionpool: http://tuffix-vm:5100 "GET /login?username=fishyfish&password=123456789 HTTP/1.1" 200 4
[2021-11-26 10:52:27,938] DEBUG in urllib3.connectionpool: Starting new HTTP connection (1): localhost:5000
[2021-11-26 10:52:27,939] DEBUG in urllib3.connectionpool: http://localhost:5000 "GET /users HTTP/1.1" 200 25
[2021-11-26 10:52:27,940] DEBUG in urllib3.connectionpool: Starting new HTTP connection (1): tuffix-vm:5100
[2021-11-26 10:52:27,942] DEBUG in urllib3.connectionpool: http://tuffix-vm:5100 "GET /get-following/fishyfish HTTP/1.1" 200 226
[2021-11-26 10:53:54,456] DEBUG in urllib3.connectionpool: Starting new HTTP connection (1): localhost:5000
[2021-11-26 10:53:54,458] DEBUG in urllib3.connectionpool: http://localhost:5000 "POST /register-instance/ HTTP/1.1" 201 4
[2021-11-26 10:53:54,466] DEBUG in urllib3.connectionpool: Starting new HTTP connection (1): localhost:5000
[2021-11-26 10:53:54,468] DEBUG in urllib3.connectionpool: http://localhost:5000 "GET /users HTTP/1.1" 200 25
[2021-11-26 10:53:54,469] DEBUG in urllib3.connectionpool: Starting new HTTP connection (1): tuffix-vm:5100
[2021-11-26 10:53:54,471] DEBUG in urllib3.connectionpool: http://tuffix-vm:5100 "GET /login?username=fishyfish&password=123456789 HTTP/1.1" 200 4
[2021-11-26 10:53:54,475] DEBUG in urllib3.connectionpool: Starting new HTTP connection (1): localhost:5000
[2021-11-26 10:53:54,476] DEBUG in urllib3.connectionpool: http://localhost:5000 "GET /users HTTP/1.1" 200 25
[2021-11-26 10:53:54,477] DEBUG in urllib3.connectionpool: Starting new HTTP connection (1): tuffix-vm:5100
[2021-11-26 10:53:54,479] DEBUG in urllib3.connectionpool: http://tuffix-vm:5100 "GET /get-following/fishyfish HTTP/1.1" 200 226
[2021-11-26 11:05:08,540] DEBUG in urllib3.connectionpool: Starting new HTTP connection (1): localhost:5000
[2021-11-26 11:05:08,542] DEBUG in urllib3.connectionpool: http://localhost:5000 "POST /register-instance/ HTTP/1.1" 201 4
[2021-11-26 11:05:08,550] DEBUG in urllib3.connectionpool: Starting new HTTP connection (1): localhost:5000
[2021-11-26 11:05:08,553] DEBUG in urllib3.connectionpool: http://localhost:5000 "GET /users HTTP/1.1" 200 25
[2021-11-26 11:05:08,555] DEBUG in urllib3.connectionpool: Starting new HTTP connection (1): tuffix-vm:5100
[2021-11-26 11:05:08,556] DEBUG in urllib3.connectionpool: http://tuffix-vm:5100 "GET /login?username=fishyfish&password=123456789 HTTP/1.1" 200 4
[2021-11-26 11:05:08,559] DEBUG in urllib3.connectionpool: Starting new HTTP connection (1): localhost:5000
[2021-11-26 11:05:08,560] DEBUG in urllib3.connectionpool: http://localhost:5000 "GET /users HTTP/1.1" 200 25
[2021-11-26 11:05:08,561] DEBUG in urllib3.connectionpool: Starting new HTTP connection (1): tuffix-vm:5100
[2021-11-26 11:05:08,563] DEBUG in urllib3.connectionpool: http://tuffix-vm:5100 "GET /get-following/fishyfish HTTP/1.1" 200 226
[2021-11-26 11:08:43,636] DEBUG in urllib3.connectionpool: Starting new HTTP connection (1): localhost:5000
[2021-11-26 11:08:43,638] DEBUG in urllib3.connectionpool: http://localhost:5000 "POST /register-instance/ HTTP/1.1" 201 4
[2021-11-26 11:08:43,646] DEBUG in urllib3.connectionpool: Starting new HTTP connection (1): localhost:5000
[2021-11-26 11:08:43,648] DEBUG in urllib3.connectionpool: http://localhost:5000 "GET /users HTTP/1.1" 200 25
[2021-11-26 11:08:43,649] DEBUG in urllib3.connectionpool: Starting new HTTP connection (1): tuffix-vm:5100
[2021-11-26 11:08:43,650] DEBUG in urllib3.connectionpool: http://tuffix-vm:5100 "GET /login?username=fishyfish&password=123456789 HTTP/1.1" 200 4
[2021-11-26 11:08:43,652] DEBUG in urllib3.connectionpool: Starting new HTTP connection (1): localhost:5000
[2021-11-26 11:08:43,653] DEBUG in urllib3.connectionpool: http://localhost:5000 "GET /users HTTP/1.1" 200 25
[2021-11-26 11:08:43,655] DEBUG in urllib3.connectionpool: Starting new HTTP connection (1): tuffix-vm:5100
[2021-11-26 11:08:43,658] DEBUG in urllib3.connectionpool: http://tuffix-vm:5100 "GET /get-following/fishyfish HTTP/1.1" 200 226
[2021-11-26 11:09:32,056] DEBUG in urllib3.connectionpool: Starting new HTTP connection (1): localhost:5000
[2021-11-26 11:09:32,058] DEBUG in urllib3.connectionpool: http://localhost:5000 "POST /register-instance/ HTTP/1.1" 201 4
[2021-11-26 11:09:32,066] DEBUG in urllib3.connectionpool: Starting new HTTP connection (1): localhost:5000
[2021-11-26 11:09:32,068] DEBUG in urllib3.connectionpool: http://localhost:5000 "GET /users HTTP/1.1" 200 25
[2021-11-26 11:09:32,070] DEBUG in urllib3.connectionpool: Starting new HTTP connection (1): tuffix-vm:5100
[2021-11-26 11:09:32,071] DEBUG in urllib3.connectionpool: http://tuffix-vm:5100 "GET /login?username=fishyfish&password=123456789 HTTP/1.1" 200 4
[2021-11-26 11:09:32,075] DEBUG in urllib3.connectionpool: Starting new HTTP connection (1): localhost:5000
[2021-11-26 11:09:32,077] DEBUG in urllib3.connectionpool: http://localhost:5000 "GET /users HTTP/1.1" 200 25
[2021-11-26 11:09:32,078] DEBUG in urllib3.connectionpool: Starting new HTTP connection (1): tuffix-vm:5100
[2021-11-26 11:09:32,080] DEBUG in urllib3.connectionpool: http://tuffix-vm:5100 "GET /get-following/fishyfish HTTP/1.1" 200 226
[2021-11-26 11:10:30,371] DEBUG in urllib3.connectionpool: Starting new HTTP connection (1): localhost:5000
[2021-11-26 11:10:30,372] DEBUG in urllib3.connectionpool: http://localhost:5000 "POST /register-instance/ HTTP/1.1" 201 4
[2021-11-26 11:10:30,381] DEBUG in urllib3.connectionpool: Starting new HTTP connection (1): localhost:5000
[2021-11-26 11:10:30,383] DEBUG in urllib3.connectionpool: http://localhost:5000 "GET /users HTTP/1.1" 200 25
[2021-11-26 11:10:30,385] DEBUG in urllib3.connectionpool: Starting new HTTP connection (1): tuffix-vm:5100
[2021-11-26 11:10:30,387] DEBUG in urllib3.connectionpool: http://tuffix-vm:5100 "GET /login?username=fishyfish&password=123456789 HTTP/1.1" 200 4
[2021-11-26 11:10:30,389] DEBUG in urllib3.connectionpool: Starting new HTTP connection (1): localhost:5000
[2021-11-26 11:10:30,390] DEBUG in urllib3.connectionpool: http://localhost:5000 "GET /users HTTP/1.1" 200 25
[2021-11-26 11:10:30,393] DEBUG in urllib3.connectionpool: Starting new HTTP connection (1): tuffix-vm:5100
[2021-11-26 11:10:30,394] DEBUG in urllib3.connectionpool: http://tuffix-vm:5100 "GET /get-following/fishyfish HTTP/1.1" 200 226
[2021-11-26 11:14:00,243] DEBUG in urllib3.connectionpool: Starting new HTTP connection (1): localhost:5000
[2021-11-26 11:14:00,244] DEBUG in urllib3.connectionpool: http://localhost:5000 "POST /register-instance/ HTTP/1.1" 201 4
[2021-11-26 11:14:00,252] DEBUG in urllib3.connectionpool: Starting new HTTP connection (1): localhost:5000
[2021-11-26 11:14:00,254] DEBUG in urllib3.connectionpool: http://localhost:5000 "GET /users HTTP/1.1" 200 25
[2021-11-26 11:14:00,255] DEBUG in urllib3.connectionpool: Starting new HTTP connection (1): tuffix-vm:5100
[2021-11-26 11:14:00,257] DEBUG in urllib3.connectionpool: http://tuffix-vm:5100 "GET /login?username=fishyfish&password=123456789 HTTP/1.1" 200 4
[2021-11-26 11:14:00,260] DEBUG in urllib3.connectionpool: Starting new HTTP connection (1): localhost:5000
[2021-11-26 11:14:00,262] DEBUG in urllib3.connectionpool: http://localhost:5000 "GET /users HTTP/1.1" 200 25
[2021-11-26 11:14:00,264] DEBUG in urllib3.connectionpool: Starting new HTTP connection (1): tuffix-vm:5100
[2021-11-26 11:14:00,265] DEBUG in urllib3.connectionpool: http://tuffix-vm:5100 "GET /get-following/fishyfish HTTP/1.1" 200 226
[2021-11-26 11:14:52,972] DEBUG in urllib3.connectionpool: Starting new HTTP connection (1): localhost:5000
[2021-11-26 11:14:52,974] DEBUG in urllib3.connectionpool: http://localhost:5000 "POST /register-instance/ HTTP/1.1" 201 4
[2021-11-26 11:14:52,990] DEBUG in urllib3.connectionpool: Starting new HTTP connection (1): localhost:5000
[2021-11-26 11:14:52,992] DEBUG in urllib3.connectionpool: http://localhost:5000 "GET /users HTTP/1.1" 200 25
[2021-11-26 11:14:52,993] DEBUG in urllib3.connectionpool: Starting new HTTP connection (1): tuffix-vm:5100
[2021-11-26 11:14:52,995] DEBUG in urllib3.connectionpool: http://tuffix-vm:5100 "GET /login?username=fishyfish&password=123456789 HTTP/1.1" 200 4
[2021-11-26 11:14:52,996] DEBUG in urllib3.connectionpool: Starting new HTTP connection (1): localhost:5000
[2021-11-26 11:14:52,997] DEBUG in urllib3.connectionpool: http://localhost:5000 "GET /users HTTP/1.1" 200 25
[2021-11-26 11:14:52,999] DEBUG in urllib3.connectionpool: Starting new HTTP connection (1): tuffix-vm:5100
[2021-11-26 11:14:53,000] DEBUG in urllib3.connectionpool: http://tuffix-vm:5100 "GET /get-following/fishyfish HTTP/1.1" 200 226
[2021-11-26 11:21:11,938] DEBUG in urllib3.connectionpool: Starting new HTTP connection (1): localhost:5000
[2021-11-26 11:21:11,940] DEBUG in urllib3.connectionpool: http://localhost:5000 "POST /register-instance/ HTTP/1.1" 201 4
[2021-11-26 11:21:11,948] DEBUG in urllib3.connectionpool: Starting new HTTP connection (1): localhost:5000
[2021-11-26 11:21:11,950] DEBUG in urllib3.connectionpool: http://localhost:5000 "GET /users HTTP/1.1" 200 25
[2021-11-26 11:21:11,952] DEBUG in urllib3.connectionpool: Starting new HTTP connection (1): tuffix-vm:5100
[2021-11-26 11:21:11,953] DEBUG in urllib3.connectionpool: http://tuffix-vm:5100 "GET /login?username=fishyfish&password=123456789 HTTP/1.1" 200 4
[2021-11-26 11:21:11,957] DEBUG in urllib3.connectionpool: Starting new HTTP connection (1): localhost:5000
[2021-11-26 11:21:11,958] DEBUG in urllib3.connectionpool: http://localhost:5000 "GET /users HTTP/1.1" 200 25
[2021-11-26 11:21:11,960] DEBUG in urllib3.connectionpool: Starting new HTTP connection (1): tuffix-vm:5100
[2021-11-26 11:21:11,961] DEBUG in urllib3.connectionpool: http://tuffix-vm:5100 "GET /get-following/fishyfish HTTP/1.1" 200 226
[2021-11-26 11:25:07,940] DEBUG in urllib3.connectionpool: Starting new HTTP connection (1): localhost:5000
[2021-11-26 11:25:07,941] DEBUG in urllib3.connectionpool: http://localhost:5000 "POST /register-instance/ HTTP/1.1" 201 4
[2021-11-26 11:25:07,950] DEBUG in urllib3.connectionpool: Starting new HTTP connection (1): localhost:5000
[2021-11-26 11:25:07,952] DEBUG in urllib3.connectionpool: http://localhost:5000 "GET /users HTTP/1.1" 200 25
[2021-11-26 11:25:07,954] DEBUG in urllib3.connectionpool: Starting new HTTP connection (1): tuffix-vm:5100
[2021-11-26 11:25:07,956] DEBUG in urllib3.connectionpool: http://tuffix-vm:5100 "GET /login?username=fishyfish&password=123456789 HTTP/1.1" 200 4
[2021-11-26 11:25:07,957] DEBUG in urllib3.connectionpool: Starting new HTTP connection (1): localhost:5000
[2021-11-26 11:25:07,958] DEBUG in urllib3.connectionpool: http://localhost:5000 "GET /users HTTP/1.1" 200 25
[2021-11-26 11:25:07,961] DEBUG in urllib3.connectionpool: Starting new HTTP connection (1): tuffix-vm:5100
[2021-11-26 11:25:07,962] DEBUG in urllib3.connectionpool: http://tuffix-vm:5100 "GET /get-following/fishyfish HTTP/1.1" 200 226
[2021-12-08 10:23:00,383] DEBUG in urllib3.connectionpool: Starting new HTTP connection (1): localhost:5000
[2021-12-08 10:23:00,389] DEBUG in urllib3.connectionpool: http://localhost:5000 "POST /register-instance/ HTTP/1.1" 201 4
[2021-12-08 10:23:00,402] DEBUG in urllib3.connectionpool: Starting new HTTP connection (1): localhost:5000
[2021-12-08 10:23:00,404] DEBUG in urllib3.connectionpool: http://localhost:5000 "GET /users HTTP/1.1" 200 2
[2021-12-08 10:23:22,964] DEBUG in urllib3.connectionpool: Starting new HTTP connection (1): localhost:5000
[2021-12-08 10:23:22,966] DEBUG in urllib3.connectionpool: http://localhost:5000 "POST /register-instance/ HTTP/1.1" 201 4
[2021-12-08 10:23:22,978] DEBUG in urllib3.connectionpool: Starting new HTTP connection (1): localhost:5000
[2021-12-08 10:23:22,979] DEBUG in urllib3.connectionpool: http://localhost:5000 "GET /users HTTP/1.1" 200 25
[2021-12-08 10:23:22,980] DEBUG in urllib3.connectionpool: Starting new HTTP connection (1): tuffix-vm:5100
[2021-12-08 10:23:22,982] DEBUG in urllib3.connectionpool: http://tuffix-vm:5100 "GET /login?username=vinhtran&password=cry HTTP/1.1" 200 4
[2021-12-08 10:23:32,944] DEBUG in urllib3.connectionpool: Starting new HTTP connection (1): localhost:5000
[2021-12-08 10:23:32,947] DEBUG in urllib3.connectionpool: http://localhost:5000 "POST /register-instance/ HTTP/1.1" 201 4
[2021-12-08 10:23:32,957] DEBUG in urllib3.connectionpool: Starting new HTTP connection (1): localhost:5000
[2021-12-08 10:23:32,958] DEBUG in urllib3.connectionpool: http://localhost:5000 "GET /users HTTP/1.1" 200 25
[2021-12-08 10:23:32,961] DEBUG in urllib3.connectionpool: Starting new HTTP connection (1): tuffix-vm:5100
[2021-12-08 10:23:32,963] DEBUG in urllib3.connectionpool: http://tuffix-vm:5100 "GET /login?username=vinhtran&password=cry HTTP/1.1" 200 4
[2021-12-08 10:25:12,233] DEBUG in urllib3.connectionpool: Starting new HTTP connection (1): localhost:5000
[2021-12-08 10:25:12,235] DEBUG in urllib3.connectionpool: http://localhost:5000 "GET /users HTTP/1.1" 200 25
[2021-12-08 10:25:12,236] DEBUG in urllib3.connectionpool: Starting new HTTP connection (1): tuffix-vm:5100
[2021-12-08 10:25:12,238] DEBUG in urllib3.connectionpool: http://tuffix-vm:5100 "GET /login?username=vinhtran&password=cry HTTP/1.1" 200 4
[2021-12-08 10:25:12,247] DEBUG in urllib3.connectionpool: Starting new HTTP connection (1): localhost:5000
[2021-12-08 10:25:12,248] DEBUG in urllib3.connectionpool: http://localhost:5000 "GET /users HTTP/1.1" 200 25
[2021-12-08 10:25:12,250] DEBUG in urllib3.connectionpool: Starting new HTTP connection (1): tuffix-vm:5100
[2021-12-08 10:25:12,251] DEBUG in urllib3.connectionpool: http://tuffix-vm:5100 "GET /get-following/vinhtran HTTP/1.1" 200 167
[2021-12-08 10:26:34,004] DEBUG in urllib3.connectionpool: Starting new HTTP connection (1): localhost:5000
[2021-12-08 10:26:34,005] DEBUG in urllib3.connectionpool: http://localhost:5000 "GET /users HTTP/1.1" 200 25
[2021-12-08 10:26:34,007] DEBUG in urllib3.connectionpool: Starting new HTTP connection (1): tuffix-vm:5100
[2021-12-08 10:26:34,008] DEBUG in urllib3.connectionpool: http://tuffix-vm:5100 "GET /login?username=vinhtran&password=cry HTTP/1.1" 200 4
[2021-12-08 10:26:54,254] DEBUG in urllib3.connectionpool: Starting new HTTP connection (1): localhost:5000
[2021-12-08 10:26:54,256] DEBUG in urllib3.connectionpool: http://localhost:5000 "GET /users HTTP/1.1" 200 25
[2021-12-08 10:26:54,257] DEBUG in urllib3.connectionpool: Starting new HTTP connection (1): tuffix-vm:5100
[2021-12-08 10:26:54,259] DEBUG in urllib3.connectionpool: http://tuffix-vm:5100 "GET /login?username=vinhtran&password=cry HTTP/1.1" 200 4
[2021-12-08 10:30:09,886] DEBUG in urllib3.connectionpool: Starting new HTTP connection (1): localhost:5000
[2021-12-08 10:30:09,891] DEBUG in urllib3.connectionpool: http://localhost:5000 "POST /register-instance/ HTTP/1.1" 201 4
[2021-12-08 10:30:09,904] DEBUG in urllib3.connectionpool: Starting new HTTP connection (1): localhost:5000
[2021-12-08 10:30:09,905] DEBUG in urllib3.connectionpool: http://localhost:5000 "GET /users HTTP/1.1" 200 2
[2021-12-08 10:30:31,258] DEBUG in urllib3.connectionpool: Starting new HTTP connection (1): localhost:5000
[2021-12-08 10:30:31,259] DEBUG in urllib3.connectionpool: http://localhost:5000 "POST /register-instance/ HTTP/1.1" 201 4
[2021-12-08 10:30:31,271] DEBUG in urllib3.connectionpool: Starting new HTTP connection (1): localhost:5000
[2021-12-08 10:30:31,272] DEBUG in urllib3.connectionpool: http://localhost:5000 "GET /users HTTP/1.1" 200 25
[2021-12-08 10:30:31,274] DEBUG in urllib3.connectionpool: Starting new HTTP connection (1): tuffix-vm:5100
[2021-12-08 10:30:31,275] DEBUG in urllib3.connectionpool: http://tuffix-vm:5100 "GET /login?username=vinhtran&password=cry HTTP/1.1" 200 4
[2021-12-08 10:30:31,277] DEBUG in urllib3.connectionpool: Starting new HTTP connection (1): localhost:5000
[2021-12-08 10:30:31,278] DEBUG in urllib3.connectionpool: http://localhost:5000 "GET /users HTTP/1.1" 200 25
[2021-12-08 10:30:31,279] DEBUG in urllib3.connectionpool: Starting new HTTP connection (1): tuffix-vm:5100
[2021-12-08 10:30:31,281] DEBUG in urllib3.connectionpool: http://tuffix-vm:5100 "GET /get-following/vinhtran HTTP/1.1" 200 167
[2021-12-08 10:30:44,180] DEBUG in urllib3.connectionpool: Starting new HTTP connection (1): localhost:5000
[2021-12-08 10:30:44,182] DEBUG in urllib3.connectionpool: http://localhost:5000 "POST /register-instance/ HTTP/1.1" 201 4
[2021-12-08 10:30:44,193] DEBUG in urllib3.connectionpool: Starting new HTTP connection (1): localhost:5000
[2021-12-08 10:30:44,194] DEBUG in urllib3.connectionpool: http://localhost:5000 "GET /users HTTP/1.1" 200 25
[2021-12-08 10:30:44,195] DEBUG in urllib3.connectionpool: Starting new HTTP connection (1): tuffix-vm:5100
[2021-12-08 10:30:44,197] DEBUG in urllib3.connectionpool: http://tuffix-vm:5100 "GET /login?username=vinhtran&password=cry HTTP/1.1" 200 4
[2021-12-08 10:33:44,792] DEBUG in urllib3.connectionpool: Starting new HTTP connection (1): localhost:5000
[2021-12-08 10:33:44,793] DEBUG in urllib3.connectionpool: http://localhost:5000 "POST /register-instance/ HTTP/1.1" 201 4
[2021-12-08 10:33:44,806] DEBUG in urllib3.connectionpool: Starting new HTTP connection (1): localhost:5000
[2021-12-08 10:33:44,808] DEBUG in urllib3.connectionpool: http://localhost:5000 "GET /users HTTP/1.1" 200 25
[2021-12-08 10:33:44,809] DEBUG in urllib3.connectionpool: Starting new HTTP connection (1): tuffix-vm:5100
[2021-12-08 10:33:44,811] DEBUG in urllib3.connectionpool: http://tuffix-vm:5100 "GET /login?username=vinhtran&password=cry HTTP/1.1" 200 4
[2021-12-08 10:39:44,563] DEBUG in urllib3.connectionpool: Starting new HTTP connection (1): localhost:5000
[2021-12-08 10:39:44,565] DEBUG in urllib3.connectionpool: http://localhost:5000 "POST /register-instance/ HTTP/1.1" 201 4
[2021-12-08 10:39:44,576] DEBUG in urllib3.connectionpool: Starting new HTTP connection (1): localhost:5000
[2021-12-08 10:39:44,578] DEBUG in urllib3.connectionpool: http://localhost:5000 "GET /users HTTP/1.1" 200 25
[2021-12-08 10:39:44,581] DEBUG in urllib3.connectionpool: Starting new HTTP connection (1): tuffix-vm:5100
[2021-12-08 10:39:44,583] DEBUG in urllib3.connectionpool: http://tuffix-vm:5100 "GET /login?username=vinhtran&password=cry HTTP/1.1" 200 4
[2021-12-08 10:40:22,568] DEBUG in urllib3.connectionpool: Starting new HTTP connection (1): localhost:5000
[2021-12-08 10:40:22,569] DEBUG in urllib3.connectionpool: http://localhost:5000 "POST /register-instance/ HTTP/1.1" 201 4
[2021-12-08 10:40:22,582] DEBUG in urllib3.connectionpool: Starting new HTTP connection (1): localhost:5000
[2021-12-08 10:40:22,583] DEBUG in urllib3.connectionpool: http://localhost:5000 "GET /users HTTP/1.1" 200 25
[2021-12-08 10:40:22,585] DEBUG in urllib3.connectionpool: Starting new HTTP connection (1): tuffix-vm:5100
[2021-12-08 10:40:22,587] DEBUG in urllib3.connectionpool: http://tuffix-vm:5100 "GET /login?username=vinhtran&password=cry HTTP/1.1" 200 4
[2021-12-08 10:41:53,673] DEBUG in urllib3.connectionpool: Starting new HTTP connection (1): localhost:5000
[2021-12-08 10:41:53,674] DEBUG in urllib3.connectionpool: http://localhost:5000 "POST /register-instance/ HTTP/1.1" 201 4
[2021-12-08 10:41:53,687] DEBUG in urllib3.connectionpool: Starting new HTTP connection (1): localhost:5000
[2021-12-08 10:41:53,688] DEBUG in urllib3.connectionpool: http://localhost:5000 "GET /users HTTP/1.1" 200 25
[2021-12-08 10:41:53,689] DEBUG in urllib3.connectionpool: Starting new HTTP connection (1): tuffix-vm:5100
[2021-12-08 10:41:53,692] DEBUG in urllib3.connectionpool: http://tuffix-vm:5100 "GET /login?username=vinhtran&password=cry HTTP/1.1" 200 4
[2021-12-08 10:48:32,963] DEBUG in urllib3.connectionpool: Starting new HTTP connection (1): localhost:5000
[2021-12-08 10:48:32,965] DEBUG in urllib3.connectionpool: http://localhost:5000 "POST /register-instance/ HTTP/1.1" 201 4
[2021-12-08 10:48:32,978] DEBUG in urllib3.connectionpool: Starting new HTTP connection (1): localhost:5000
[2021-12-08 10:48:32,979] DEBUG in urllib3.connectionpool: http://localhost:5000 "GET /users HTTP/1.1" 200 25
[2021-12-08 10:48:32,980] DEBUG in urllib3.connectionpool: Starting new HTTP connection (1): tuffix-vm:5100
[2021-12-08 10:48:32,982] DEBUG in urllib3.connectionpool: http://tuffix-vm:5100 "GET /login?username=vinhtran&password=cry HTTP/1.1" 200 4
[2021-12-08 10:49:30,369] DEBUG in urllib3.connectionpool: Starting new HTTP connection (1): localhost:5000
[2021-12-08 10:49:30,370] DEBUG in urllib3.connectionpool: http://localhost:5000 "POST /register-instance/ HTTP/1.1" 201 4
[2021-12-08 10:49:30,381] DEBUG in urllib3.connectionpool: Starting new HTTP connection (1): localhost:5000
[2021-12-08 10:49:30,382] DEBUG in urllib3.connectionpool: http://localhost:5000 "GET /users HTTP/1.1" 200 25
[2021-12-08 10:49:30,384] DEBUG in urllib3.connectionpool: Starting new HTTP connection (1): tuffix-vm:5100
[2021-12-08 10:49:30,385] DEBUG in urllib3.connectionpool: http://tuffix-vm:5100 "GET /login?username=vinhtran&password=cry HTTP/1.1" 200 4
[2021-12-08 11:09:12,797] DEBUG in urllib3.connectionpool: Starting new HTTP connection (1): localhost:5000
[2021-12-08 11:09:12,802] DEBUG in urllib3.connectionpool: http://localhost:5000 "POST /register-instance/ HTTP/1.1" 201 4
[2021-12-08 11:09:12,813] DEBUG in urllib3.connectionpool: Starting new HTTP connection (1): localhost:5000
[2021-12-08 11:09:12,817] DEBUG in urllib3.connectionpool: http://localhost:5000 "GET /users HTTP/1.1" 200 2
[2021-12-08 11:20:52,000] DEBUG in urllib3.connectionpool: Starting new HTTP connection (1): localhost:5000
[2021-12-08 11:20:52,005] DEBUG in urllib3.connectionpool: http://localhost:5000 "POST /register-instance/ HTTP/1.1" 201 4
[2021-12-08 11:20:52,019] DEBUG in urllib3.connectionpool: Starting new HTTP connection (1): localhost:5000
[2021-12-08 11:20:52,020] DEBUG in urllib3.connectionpool: http://localhost:5000 "GET /users HTTP/1.1" 200 2
[2021-12-08 11:23:05,622] DEBUG in urllib3.connectionpool: Starting new HTTP connection (1): localhost:5000
[2021-12-08 11:23:05,627] DEBUG in urllib3.connectionpool: http://localhost:5000 "POST /register-instance/ HTTP/1.1" 201 4
[2021-12-08 11:23:05,640] DEBUG in urllib3.connectionpool: Starting new HTTP connection (1): localhost:5000
[2021-12-08 11:23:05,643] DEBUG in urllib3.connectionpool: http://localhost:5000 "GET /users HTTP/1.1" 200 2
[2021-12-08 11:24:03,030] DEBUG in urllib3.connectionpool: Starting new HTTP connection (1): localhost:5000
[2021-12-08 11:24:03,032] DEBUG in urllib3.connectionpool: http://localhost:5000 "POST /register-instance/ HTTP/1.1" 201 4
[2021-12-08 12:51:14,446] DEBUG in urllib3.connectionpool: Starting new HTTP connection (1): localhost:5000
[2021-12-08 12:51:14,452] DEBUG in urllib3.connectionpool: http://localhost:5000 "POST /register-instance/ HTTP/1.1" 201 4
[2021-12-08 12:51:14,463] DEBUG in urllib3.connectionpool: Starting new HTTP connection (1): localhost:5000
[2021-12-08 12:51:14,465] DEBUG in urllib3.connectionpool: http://localhost:5000 "GET /users HTTP/1.1" 200 2
[2021-12-08 12:52:15,885] DEBUG in urllib3.connectionpool: Starting new HTTP connection (1): localhost:5000
[2021-12-08 12:52:15,886] DEBUG in urllib3.connectionpool: http://localhost:5000 "POST /register-instance/ HTTP/1.1" 201 4
[2021-12-08 12:52:15,897] DEBUG in urllib3.connectionpool: Starting new HTTP connection (1): localhost:5000
[2021-12-08 12:52:15,898] DEBUG in urllib3.connectionpool: http://localhost:5000 "GET /users HTTP/1.1" 200 25
[2021-12-08 12:52:15,899] DEBUG in urllib3.connectionpool: Starting new HTTP connection (1): tuffix-vm:5100
[2021-12-08 12:52:15,901] DEBUG in urllib3.connectionpool: http://tuffix-vm:5100 "GET /login?username=vinhtran&password=cry HTTP/1.1" 200 4
[2021-12-08 12:52:45,307] DEBUG in urllib3.connectionpool: Starting new HTTP connection (1): localhost:5000
[2021-12-08 12:52:45,309] DEBUG in urllib3.connectionpool: http://localhost:5000 "GET /users HTTP/1.1" 200 25
[2021-12-08 12:52:45,310] DEBUG in urllib3.connectionpool: Starting new HTTP connection (1): tuffix-vm:5100
[2021-12-08 12:52:45,312] DEBUG in urllib3.connectionpool: http://tuffix-vm:5100 "GET /login?username=vinhtran&password=cry HTTP/1.1" 200 4
[2021-12-08 16:18:03,655] DEBUG in urllib3.connectionpool: Starting new HTTP connection (1): localhost:5000
[2021-12-08 16:18:03,658] DEBUG in urllib3.connectionpool: http://localhost:5000 "POST /register-instance/ HTTP/1.1" 201 4
[2021-12-10 16:23:49,575] DEBUG in urllib3.connectionpool: Starting new HTTP connection (1): localhost:5000
[2021-12-10 16:23:49,581] DEBUG in urllib3.connectionpool: http://localhost:5000 "POST /register-instance/ HTTP/1.1" 201 4
[2021-12-10 16:23:49,602] DEBUG in urllib3.connectionpool: Starting new HTTP connection (1): localhost:5000
[2021-12-10 16:23:49,605] DEBUG in urllib3.connectionpool: http://localhost:5000 "GET /users HTTP/1.1" 200 2
[2021-12-10 16:24:12,569] DEBUG in urllib3.connectionpool: Starting new HTTP connection (1): localhost:5000
[2021-12-10 16:24:12,571] DEBUG in urllib3.connectionpool: http://localhost:5000 "POST /register-instance/ HTTP/1.1" 201 4
[2021-12-10 16:24:12,586] DEBUG in urllib3.connectionpool: Starting new HTTP connection (1): localhost:5000
[2021-12-10 16:24:12,593] DEBUG in urllib3.connectionpool: http://localhost:5000 "GET /users HTTP/1.1" 200 25
[2021-12-10 16:24:12,599] DEBUG in urllib3.connectionpool: Starting new HTTP connection (1): tuffix-vm:5100
[2021-12-10 16:24:12,603] DEBUG in urllib3.connectionpool: http://tuffix-vm:5100 "GET /login?username=vinhtran&password=cry HTTP/1.1" 200 4
[2021-12-10 16:24:23,408] DEBUG in urllib3.connectionpool: Starting new HTTP connection (1): localhost:5000
[2021-12-10 16:24:23,409] DEBUG in urllib3.connectionpool: http://localhost:5000 "POST /register-instance/ HTTP/1.1" 201 4
[2021-12-10 16:24:49,090] DEBUG in urllib3.connectionpool: Starting new HTTP connection (1): localhost:5000
[2021-12-10 16:24:49,091] DEBUG in urllib3.connectionpool: http://localhost:5000 "GET /users HTTP/1.1" 200 25
[2021-12-10 16:24:49,093] DEBUG in urllib3.connectionpool: Starting new HTTP connection (1): tuffix-vm:5100
[2021-12-10 16:24:49,095] DEBUG in urllib3.connectionpool: http://tuffix-vm:5100 "GET /login?username=vinhtran&password=cry HTTP/1.1" 200 4
[2021-12-10 16:27:56,988] DEBUG in urllib3.connectionpool: Starting new HTTP connection (1): localhost:5000
[2021-12-10 16:27:56,994] DEBUG in urllib3.connectionpool: http://localhost:5000 "POST /register-instance/ HTTP/1.1" 201 4
[2021-12-10 16:28:08,408] DEBUG in urllib3.connectionpool: Starting new HTTP connection (1): localhost:5000
[2021-12-10 16:28:08,410] DEBUG in urllib3.connectionpool: http://localhost:5000 "POST /register-instance/ HTTP/1.1" 201 4
[2021-12-10 16:28:27,165] DEBUG in urllib3.connectionpool: Starting new HTTP connection (1): localhost:5000
[2021-12-10 16:28:27,170] DEBUG in urllib3.connectionpool: http://localhost:5000 "POST /register-instance/ HTTP/1.1" 201 4
[2021-12-10 16:47:35,502] DEBUG in urllib3.connectionpool: Starting new HTTP connection (1): localhost:5000
[2021-12-10 16:47:35,507] DEBUG in urllib3.connectionpool: http://localhost:5000 "POST /register-instance/ HTTP/1.1" 201 4
[2021-12-10 16:47:35,518] DEBUG in urllib3.connectionpool: Starting new HTTP connection (1): localhost:5000
[2021-12-10 16:47:35,519] DEBUG in urllib3.connectionpool: http://localhost:5000 "GET /users HTTP/1.1" 200 2
[2021-12-10 16:47:41,629] DEBUG in urllib3.connectionpool: Starting new HTTP connection (1): localhost:5000
[2021-12-10 16:47:41,631] DEBUG in urllib3.connectionpool: http://localhost:5000 "POST /register-instance/ HTTP/1.1" 201 4
[2021-12-10 16:47:51,644] DEBUG in urllib3.connectionpool: Starting new HTTP connection (1): localhost:5000
[2021-12-10 16:47:51,646] DEBUG in urllib3.connectionpool: http://localhost:5000 "POST /register-instance/ HTTP/1.1" 201 4
[2021-12-10 16:47:51,658] DEBUG in urllib3.connectionpool: Starting new HTTP connection (1): localhost:5000
[2021-12-10 16:47:51,660] DEBUG in urllib3.connectionpool: http://localhost:5000 "GET /users HTTP/1.1" 200 25
[2021-12-10 16:47:51,661] DEBUG in urllib3.connectionpool: Starting new HTTP connection (1): tuffix-vm:5100
[2021-12-10 16:47:51,663] DEBUG in urllib3.connectionpool: http://tuffix-vm:5100 "GET /login?username=vinhtran&password=cry HTTP/1.1" 200 4
[2021-12-10 16:55:20,176] DEBUG in urllib3.connectionpool: Starting new HTTP connection (1): localhost:5000
[2021-12-10 16:55:20,178] DEBUG in urllib3.connectionpool: http://localhost:5000 "POST /register-instance/ HTTP/1.1" 201 4
[2021-12-10 16:55:20,189] DEBUG in urllib3.connectionpool: Starting new HTTP connection (1): localhost:5000
[2021-12-10 16:55:20,190] DEBUG in urllib3.connectionpool: http://localhost:5000 "GET /users HTTP/1.1" 200 25
[2021-12-10 16:55:20,191] DEBUG in urllib3.connectionpool: Starting new HTTP connection (1): tuffix-vm:5100
[2021-12-10 16:55:20,193] DEBUG in urllib3.connectionpool: http://tuffix-vm:5100 "GET /login?username=vinhtran&password=cry HTTP/1.1" 200 4
[2021-12-10 17:14:14,466] DEBUG in urllib3.connectionpool: Starting new HTTP connection (1): localhost:5000
[2021-12-10 17:14:14,468] DEBUG in urllib3.connectionpool: http://localhost:5000 "POST /register-instance/ HTTP/1.1" 201 4
[2021-12-10 17:14:14,479] DEBUG in urllib3.connectionpool: Starting new HTTP connection (1): localhost:5000
[2021-12-10 17:14:14,480] DEBUG in urllib3.connectionpool: http://localhost:5000 "GET /users HTTP/1.1" 200 25
[2021-12-10 17:14:14,481] DEBUG in urllib3.connectionpool: Starting new HTTP connection (1): tuffix-vm:5100
[2021-12-10 17:14:14,483] DEBUG in urllib3.connectionpool: http://tuffix-vm:5100 "GET /login?username=vinhtran&password=cry HTTP/1.1" 200 4
[2021-12-10 17:14:20,982] DEBUG in urllib3.connectionpool: Starting new HTTP connection (1): localhost:5000
[2021-12-10 17:14:20,983] DEBUG in urllib3.connectionpool: http://localhost:5000 "POST /register-instance/ HTTP/1.1" 201 4
[2021-12-10 18:01:17,222] DEBUG in urllib3.connectionpool: Starting new HTTP connection (1): localhost:5000
[2021-12-10 18:01:17,224] DEBUG in urllib3.connectionpool: http://localhost:5000 "POST /register-instance/ HTTP/1.1" 201 4
[2021-12-10 18:01:17,234] DEBUG in urllib3.connectionpool: Starting new HTTP connection (1): localhost:5000
[2021-12-10 18:01:17,237] DEBUG in urllib3.connectionpool: http://localhost:5000 "GET /users HTTP/1.1" 200 25
[2021-12-10 18:01:17,238] DEBUG in urllib3.connectionpool: Starting new HTTP connection (1): tuffix-vm:5100
[2021-12-10 18:01:17,240] DEBUG in urllib3.connectionpool: http://tuffix-vm:5100 "GET /login?username=vinhtran&password=cry HTTP/1.1" 200 4
[2021-12-10 18:03:25,513] DEBUG in urllib3.connectionpool: Starting new HTTP connection (1): localhost:5000
[2021-12-10 18:03:25,515] DEBUG in urllib3.connectionpool: http://localhost:5000 "POST /register-instance/ HTTP/1.1" 201 4
[2021-12-10 18:03:25,526] DEBUG in urllib3.connectionpool: Starting new HTTP connection (1): localhost:5000
[2021-12-10 18:03:25,527] DEBUG in urllib3.connectionpool: http://localhost:5000 "GET /users HTTP/1.1" 200 25
[2021-12-10 18:03:25,530] DEBUG in urllib3.connectionpool: Starting new HTTP connection (1): tuffix-vm:5100
[2021-12-10 18:03:25,532] DEBUG in urllib3.connectionpool: http://tuffix-vm:5100 "GET /login?username=vinhtran&password=cry HTTP/1.1" 200 4
[2021-12-10 18:05:10,984] DEBUG in urllib3.connectionpool: Starting new HTTP connection (1): localhost:5000
[2021-12-10 18:05:10,986] DEBUG in urllib3.connectionpool: http://localhost:5000 "POST /register-instance/ HTTP/1.1" 201 4
[2021-12-10 18:05:10,996] DEBUG in urllib3.connectionpool: Starting new HTTP connection (1): localhost:5000
[2021-12-10 18:05:11,000] DEBUG in urllib3.connectionpool: http://localhost:5000 "GET /users HTTP/1.1" 200 25
[2021-12-10 18:05:11,001] DEBUG in urllib3.connectionpool: Starting new HTTP connection (1): tuffix-vm:5100
[2021-12-10 18:05:11,003] DEBUG in urllib3.connectionpool: http://tuffix-vm:5100 "GET /login?username=vinhtran&password=cry HTTP/1.1" 200 4
[2021-12-10 18:06:41,588] DEBUG in urllib3.connectionpool: Starting new HTTP connection (1): localhost:5000
[2021-12-10 18:06:41,594] DEBUG in urllib3.connectionpool: http://localhost:5000 "POST /register-instance/ HTTP/1.1" 201 4
[2021-12-10 18:06:58,108] DEBUG in urllib3.connectionpool: Starting new HTTP connection (1): localhost:5000
[2021-12-10 18:06:58,110] DEBUG in urllib3.connectionpool: http://localhost:5000 "POST /register-instance/ HTTP/1.1" 201 4
[2021-12-10 18:06:58,122] DEBUG in urllib3.connectionpool: Starting new HTTP connection (1): localhost:5000
[2021-12-10 18:06:58,123] DEBUG in urllib3.connectionpool: http://localhost:5000 "GET /users HTTP/1.1" 200 2
[2021-12-10 18:07:06,694] DEBUG in urllib3.connectionpool: Starting new HTTP connection (1): localhost:5000
[2021-12-10 18:07:06,695] DEBUG in urllib3.connectionpool: http://localhost:5000 "GET /users HTTP/1.1" 200 25
[2021-12-10 18:07:06,697] DEBUG in urllib3.connectionpool: Starting new HTTP connection (1): tuffix-vm:5100
[2021-12-10 18:07:06,698] DEBUG in urllib3.connectionpool: http://tuffix-vm:5100 "GET /login?username=vinhtran&password=cry HTTP/1.1" 200 4
[2021-12-10 18:08:01,939] DEBUG in urllib3.connectionpool: Starting new HTTP connection (1): localhost:5000
[2021-12-10 18:08:01,940] DEBUG in urllib3.connectionpool: http://localhost:5000 "POST /register-instance/ HTTP/1.1" 201 4
[2021-12-10 18:08:01,952] DEBUG in urllib3.connectionpool: Starting new HTTP connection (1): localhost:5000
[2021-12-10 18:08:01,954] DEBUG in urllib3.connectionpool: http://localhost:5000 "GET /users HTTP/1.1" 200 25
[2021-12-10 18:08:01,956] DEBUG in urllib3.connectionpool: Starting new HTTP connection (1): tuffix-vm:5100
[2021-12-10 18:08:01,957] DEBUG in urllib3.connectionpool: http://tuffix-vm:5100 "GET /login?username=vinhtran&password=cry HTTP/1.1" 200 4
[2021-12-10 18:11:02,505] DEBUG in urllib3.connectionpool: Starting new HTTP connection (1): localhost:5000
[2021-12-10 18:11:02,507] DEBUG in urllib3.connectionpool: http://localhost:5000 "POST /register-instance/ HTTP/1.1" 201 4
[2021-12-10 18:11:02,518] DEBUG in urllib3.connectionpool: Starting new HTTP connection (1): localhost:5000
[2021-12-10 18:11:02,519] DEBUG in urllib3.connectionpool: http://localhost:5000 "GET /users HTTP/1.1" 200 25
[2021-12-10 18:11:02,521] DEBUG in urllib3.connectionpool: Starting new HTTP connection (1): tuffix-vm:5100
[2021-12-10 18:11:02,524] DEBUG in urllib3.connectionpool: http://tuffix-vm:5100 "GET /login?username=vinhtran&password=cry HTTP/1.1" 200 4
[2021-12-10 18:11:47,373] DEBUG in urllib3.connectionpool: Starting new HTTP connection (1): localhost:5000
[2021-12-10 18:11:47,376] DEBUG in urllib3.connectionpool: http://localhost:5000 "POST /register-instance/ HTTP/1.1" 201 4
[2021-12-10 18:11:47,386] DEBUG in urllib3.connectionpool: Starting new HTTP connection (1): localhost:5000
[2021-12-10 18:11:47,388] DEBUG in urllib3.connectionpool: http://localhost:5000 "GET /users HTTP/1.1" 200 25
[2021-12-10 18:11:47,391] DEBUG in urllib3.connectionpool: Starting new HTTP connection (1): tuffix-vm:5100
[2021-12-10 18:11:47,392] DEBUG in urllib3.connectionpool: http://tuffix-vm:5100 "GET /login?username=vinhtran&password=cry HTTP/1.1" 200 4
[2021-12-10 18:13:04,282] DEBUG in urllib3.connectionpool: Starting new HTTP connection (1): localhost:5000
[2021-12-10 18:13:04,283] DEBUG in urllib3.connectionpool: http://localhost:5000 "POST /register-instance/ HTTP/1.1" 201 4
[2021-12-10 18:13:04,295] DEBUG in urllib3.connectionpool: Starting new HTTP connection (1): localhost:5000
[2021-12-10 18:13:04,297] DEBUG in urllib3.connectionpool: http://localhost:5000 "GET /users HTTP/1.1" 200 25
[2021-12-10 18:13:04,299] DEBUG in urllib3.connectionpool: Starting new HTTP connection (1): tuffix-vm:5100
[2021-12-10 18:13:04,300] DEBUG in urllib3.connectionpool: http://tuffix-vm:5100 "GET /login?username=vinhtran&password=cry HTTP/1.1" 200 4
[2021-12-10 18:13:56,383] DEBUG in urllib3.connectionpool: Starting new HTTP connection (1): localhost:5000
[2021-12-10 18:13:56,385] DEBUG in urllib3.connectionpool: http://localhost:5000 "POST /register-instance/ HTTP/1.1" 201 4
[2021-12-10 18:13:56,398] DEBUG in urllib3.connectionpool: Starting new HTTP connection (1): localhost:5000
[2021-12-10 18:13:56,399] DEBUG in urllib3.connectionpool: http://localhost:5000 "GET /users HTTP/1.1" 200 25
[2021-12-10 18:13:56,401] DEBUG in urllib3.connectionpool: Starting new HTTP connection (1): tuffix-vm:5100
[2021-12-10 18:13:56,402] DEBUG in urllib3.connectionpool: http://tuffix-vm:5100 "GET /login?username=vinhtran&password=cry HTTP/1.1" 200 4
[2021-12-10 18:14:07,676] DEBUG in urllib3.connectionpool: Starting new HTTP connection (1): localhost:5000
[2021-12-10 18:14:07,677] DEBUG in urllib3.connectionpool: http://localhost:5000 "POST /register-instance/ HTTP/1.1" 201 4
[2021-12-10 19:21:02,692] DEBUG in urllib3.connectionpool: Starting new HTTP connection (1): localhost:5000
[2021-12-10 19:21:02,694] DEBUG in urllib3.connectionpool: http://localhost:5000 "POST /register-instance/ HTTP/1.1" 201 4
[2021-12-10 19:21:02,704] DEBUG in urllib3.connectionpool: Starting new HTTP connection (1): localhost:5000
[2021-12-10 19:21:02,707] DEBUG in urllib3.connectionpool: http://localhost:5000 "GET /users HTTP/1.1" 200 25
[2021-12-10 19:21:02,709] DEBUG in urllib3.connectionpool: Starting new HTTP connection (1): tuffix-vm:5100
[2021-12-10 19:21:02,711] DEBUG in urllib3.connectionpool: http://tuffix-vm:5100 "GET /login?username=vinhtran&password=cry HTTP/1.1" 200 4
[2021-12-10 19:21:08,282] DEBUG in urllib3.connectionpool: Starting new HTTP connection (1): localhost:5000
[2021-12-10 19:21:08,284] DEBUG in urllib3.connectionpool: http://localhost:5000 "POST /register-instance/ HTTP/1.1" 201 4
[2021-12-10 19:21:08,294] DEBUG in urllib3.connectionpool: Starting new HTTP connection (1): localhost:5000
[2021-12-10 19:21:08,296] DEBUG in urllib3.connectionpool: http://localhost:5000 "GET /users HTTP/1.1" 200 25
[2021-12-10 19:21:08,297] DEBUG in urllib3.connectionpool: Starting new HTTP connection (1): tuffix-vm:5100
[2021-12-10 19:21:08,298] DEBUG in urllib3.connectionpool: http://tuffix-vm:5100 "GET /login?username=vinhtran&password=cry HTTP/1.1" 200 4
[2021-12-10 21:46:57,103] DEBUG in urllib3.connectionpool: Starting new HTTP connection (1): localhost:5000
[2021-12-10 21:46:57,105] DEBUG in urllib3.connectionpool: http://localhost:5000 "POST /register-instance/ HTTP/1.1" 201 4
[2021-12-10 21:46:57,117] DEBUG in urllib3.connectionpool: Starting new HTTP connection (1): localhost:5000
[2021-12-10 21:46:57,118] DEBUG in urllib3.connectionpool: http://localhost:5000 "GET /users HTTP/1.1" 200 25
[2021-12-10 21:46:57,120] DEBUG in urllib3.connectionpool: Starting new HTTP connection (1): tuffix-vm:5100
[2021-12-10 21:46:57,121] DEBUG in urllib3.connectionpool: http://tuffix-vm:5100 "GET /login?username=vinhtran&password=cry HTTP/1.1" 200 4
[2021-12-10 21:47:25,090] DEBUG in urllib3.connectionpool: Starting new HTTP connection (1): 127.0.0.1:5400
[2021-12-10 21:47:26,203] DEBUG in urllib3.connectionpool: http://127.0.0.1:5400 "GET /poll/5 HTTP/1.1" 404 3499
[2021-12-10 21:47:37,713] DEBUG in urllib3.connectionpool: Starting new HTTP connection (1): localhost:5000
[2021-12-10 21:47:37,714] DEBUG in urllib3.connectionpool: http://localhost:5000 "POST /register-instance/ HTTP/1.1" 201 4
[2021-12-10 21:47:45,035] DEBUG in urllib3.connectionpool: Starting new HTTP connection (1): localhost:5000
[2021-12-10 21:47:45,036] DEBUG in urllib3.connectionpool: http://localhost:5000 "POST /register-instance/ HTTP/1.1" 201 4
[2021-12-10 21:47:45,047] DEBUG in urllib3.connectionpool: Starting new HTTP connection (1): localhost:5000
[2021-12-10 21:47:45,050] DEBUG in urllib3.connectionpool: http://localhost:5000 "GET /users HTTP/1.1" 200 25
[2021-12-10 21:47:45,051] DEBUG in urllib3.connectionpool: Starting new HTTP connection (1): tuffix-vm:5100
[2021-12-10 21:47:45,053] DEBUG in urllib3.connectionpool: http://tuffix-vm:5100 "GET /login?username=vinhtran&password=cry HTTP/1.1" 200 4
[2021-12-10 21:47:45,055] DEBUG in urllib3.connectionpool: Starting new HTTP connection (1): 127.0.0.1:5400
[2021-12-10 21:47:45,056] DEBUG in urllib3.connectionpool: http://127.0.0.1:5400 "GET /poll/5 HTTP/1.1" 404 3499
[2021-12-10 21:48:45,747] DEBUG in urllib3.connectionpool: Starting new HTTP connection (1): localhost:5000
[2021-12-10 21:48:45,753] DEBUG in urllib3.connectionpool: http://localhost:5000 "POST /register-instance/ HTTP/1.1" 201 4
[2021-12-10 21:48:50,226] DEBUG in urllib3.connectionpool: Starting new HTTP connection (1): localhost:5000
[2021-12-10 21:48:50,229] DEBUG in urllib3.connectionpool: http://localhost:5000 "GET /users HTTP/1.1" 200 25
[2021-12-10 21:48:50,230] DEBUG in urllib3.connectionpool: Starting new HTTP connection (1): tuffix-vm:5100
[2021-12-10 21:48:50,232] DEBUG in urllib3.connectionpool: http://tuffix-vm:5100 "GET /login?username=vinhtran&password=cry HTTP/1.1" 200 4
[2021-12-10 21:48:50,235] DEBUG in urllib3.connectionpool: Starting new HTTP connection (1): 127.0.0.1:5400
[2021-12-10 21:48:50,311] DEBUG in urllib3.connectionpool: http://127.0.0.1:5400 "GET /poll/5 HTTP/1.1" 404 3499
[2021-12-10 21:49:48,662] DEBUG in urllib3.connectionpool: Starting new HTTP connection (1): localhost:5000
[2021-12-10 21:49:48,668] DEBUG in urllib3.connectionpool: http://localhost:5000 "POST /register-instance/ HTTP/1.1" 201 4
[2021-12-10 21:49:48,679] DEBUG in urllib3.connectionpool: Starting new HTTP connection (1): localhost:5000
[2021-12-10 21:49:48,681] DEBUG in urllib3.connectionpool: http://localhost:5000 "GET /users HTTP/1.1" 200 2
[2021-12-10 21:49:54,592] DEBUG in urllib3.connectionpool: Starting new HTTP connection (1): localhost:5000
[2021-12-10 21:49:54,593] DEBUG in urllib3.connectionpool: http://localhost:5000 "POST /register-instance/ HTTP/1.1" 201 4
[2021-12-10 21:49:54,605] DEBUG in urllib3.connectionpool: Starting new HTTP connection (1): localhost:5000
[2021-12-10 21:49:54,606] DEBUG in urllib3.connectionpool: http://localhost:5000 "GET /users HTTP/1.1" 200 25
[2021-12-10 21:49:54,608] DEBUG in urllib3.connectionpool: Starting new HTTP connection (1): tuffix-vm:5100
[2021-12-10 21:49:54,609] DEBUG in urllib3.connectionpool: http://tuffix-vm:5100 "GET /login?username=vinhtran&password=cry HTTP/1.1" 200 4
[2021-12-10 21:49:54,612] DEBUG in urllib3.connectionpool: Starting new HTTP connection (1): 127.0.0.1:5400
[2021-12-10 21:49:54,696] DEBUG in urllib3.connectionpool: http://127.0.0.1:5400 "GET /poll/5 HTTP/1.1" 404 3499
[2021-12-10 21:56:04,142] DEBUG in urllib3.connectionpool: Starting new HTTP connection (1): localhost:5000
[2021-12-10 21:56:04,144] DEBUG in urllib3.connectionpool: http://localhost:5000 "POST /register-instance/ HTTP/1.1" 201 4
[2021-12-10 21:56:04,155] DEBUG in urllib3.connectionpool: Starting new HTTP connection (1): localhost:5000
[2021-12-10 21:56:04,156] DEBUG in urllib3.connectionpool: http://localhost:5000 "GET /users HTTP/1.1" 200 25
[2021-12-10 21:56:04,159] DEBUG in urllib3.connectionpool: Starting new HTTP connection (1): tuffix-vm:5100
[2021-12-10 21:56:04,160] DEBUG in urllib3.connectionpool: http://tuffix-vm:5100 "GET /login?username=vinhtran&password=cry HTTP/1.1" 200 4
[2021-12-10 21:56:04,163] DEBUG in urllib3.connectionpool: Starting new HTTP connection (1): 127.0.0.1:5400
[2021-12-10 21:56:04,165] DEBUG in urllib3.connectionpool: http://127.0.0.1:5400 "GET /poll/5 HTTP/1.1" 404 3499
[2021-12-10 21:56:24,604] DEBUG in urllib3.connectionpool: Starting new HTTP connection (1): localhost:5000
[2021-12-10 21:56:24,605] DEBUG in urllib3.connectionpool: http://localhost:5000 "POST /register-instance/ HTTP/1.1" 201 4
[2021-12-10 21:57:37,878] DEBUG in urllib3.connectionpool: Starting new HTTP connection (1): localhost:5000
[2021-12-10 21:57:37,880] DEBUG in urllib3.connectionpool: http://localhost:5000 "POST /register-instance/ HTTP/1.1" 201 4
[2021-12-10 21:57:37,890] DEBUG in urllib3.connectionpool: Starting new HTTP connection (1): localhost:5000
[2021-12-10 21:57:37,891] DEBUG in urllib3.connectionpool: http://localhost:5000 "GET /users HTTP/1.1" 200 25
[2021-12-10 21:57:37,893] DEBUG in urllib3.connectionpool: Starting new HTTP connection (1): tuffix-vm:5100
[2021-12-10 21:57:37,896] DEBUG in urllib3.connectionpool: http://tuffix-vm:5100 "GET /login?username=vinhtran&password=cry HTTP/1.1" 200 4
[2021-12-10 21:57:37,899] DEBUG in urllib3.connectionpool: Starting new HTTP connection (1): 127.0.0.1:5400
[2021-12-10 21:57:38,017] DEBUG in urllib3.connectionpool: http://127.0.0.1:5400 "GET /polls/5 HTTP/1.1" 200 2
[2021-12-10 22:01:10,600] DEBUG in urllib3.connectionpool: Starting new HTTP connection (1): localhost:5000
[2021-12-10 22:01:10,601] DEBUG in urllib3.connectionpool: http://localhost:5000 "POST /register-instance/ HTTP/1.1" 201 4
[2021-12-10 22:01:16,700] DEBUG in urllib3.connectionpool: Starting new HTTP connection (1): localhost:5000
[2021-12-10 22:01:16,702] DEBUG in urllib3.connectionpool: http://localhost:5000 "POST /register-instance/ HTTP/1.1" 201 4
[2021-12-10 22:01:16,712] DEBUG in urllib3.connectionpool: Starting new HTTP connection (1): localhost:5000
[2021-12-10 22:01:16,713] DEBUG in urllib3.connectionpool: http://localhost:5000 "GET /users HTTP/1.1" 200 25
[2021-12-10 22:01:16,716] DEBUG in urllib3.connectionpool: Starting new HTTP connection (1): tuffix-vm:5100
[2021-12-10 22:01:16,718] DEBUG in urllib3.connectionpool: http://tuffix-vm:5100 "GET /login?username=vinhtran&password=cry HTTP/1.1" 200 4
[2021-12-10 22:01:16,721] DEBUG in urllib3.connectionpool: Starting new HTTP connection (1): 127.0.0.1:5400
[2021-12-10 22:01:16,839] DEBUG in urllib3.connectionpool: http://127.0.0.1:5400 "GET /polls/5 HTTP/1.1" 200 2
[2021-12-10 22:01:44,219] DEBUG in urllib3.connectionpool: Starting new HTTP connection (1): localhost:5000
[2021-12-10 22:01:44,221] DEBUG in urllib3.connectionpool: http://localhost:5000 "POST /register-instance/ HTTP/1.1" 201 4
[2021-12-10 22:02:00,929] DEBUG in urllib3.connectionpool: Starting new HTTP connection (1): localhost:5000
[2021-12-10 22:02:00,930] DEBUG in urllib3.connectionpool: http://localhost:5000 "GET /users HTTP/1.1" 200 25
[2021-12-10 22:02:00,932] DEBUG in urllib3.connectionpool: Starting new HTTP connection (1): tuffix-vm:5100
[2021-12-10 22:02:00,934] DEBUG in urllib3.connectionpool: http://tuffix-vm:5100 "GET /login?username=vinhtran&password=cry HTTP/1.1" 200 4
[2021-12-10 22:02:00,935] DEBUG in urllib3.connectionpool: Starting new HTTP connection (1): 127.0.0.1:5400
[2021-12-10 22:02:00,975] DEBUG in urllib3.connectionpool: http://127.0.0.1:5400 "GET /polls/1 HTTP/1.1" 200 245
[2021-12-10 22:02:57,598] DEBUG in urllib3.connectionpool: Starting new HTTP connection (1): localhost:5000
[2021-12-10 22:02:57,599] DEBUG in urllib3.connectionpool: http://localhost:5000 "GET /users HTTP/1.1" 200 25
[2021-12-10 22:02:57,604] DEBUG in urllib3.connectionpool: Starting new HTTP connection (1): tuffix-vm:5100
[2021-12-10 22:02:57,607] DEBUG in urllib3.connectionpool: http://tuffix-vm:5100 "GET /login?username=vinhtran&password=cry HTTP/1.1" 200 4
[2021-12-10 22:02:57,609] DEBUG in urllib3.connectionpool: Starting new HTTP connection (1): 127.0.0.1:5400
[2021-12-10 22:02:57,641] DEBUG in urllib3.connectionpool: http://127.0.0.1:5400 "GET /polls/2 HTTP/1.1" 200 2
[2021-12-10 22:04:10,332] DEBUG in urllib3.connectionpool: Starting new HTTP connection (1): localhost:5000
[2021-12-10 22:04:10,334] DEBUG in urllib3.connectionpool: http://localhost:5000 "POST /register-instance/ HTTP/1.1" 201 4
[2021-12-10 22:04:10,345] DEBUG in urllib3.connectionpool: Starting new HTTP connection (1): localhost:5000
[2021-12-10 22:04:10,346] DEBUG in urllib3.connectionpool: http://localhost:5000 "GET /users HTTP/1.1" 200 25
[2021-12-10 22:04:10,347] DEBUG in urllib3.connectionpool: Starting new HTTP connection (1): tuffix-vm:5100
[2021-12-10 22:04:10,349] DEBUG in urllib3.connectionpool: http://tuffix-vm:5100 "GET /login?username=vinhtran&password=cry HTTP/1.1" 200 4
[2021-12-10 22:04:10,353] DEBUG in urllib3.connectionpool: Starting new HTTP connection (1): 127.0.0.1:5400
[2021-12-10 22:04:10,462] DEBUG in urllib3.connectionpool: http://127.0.0.1:5400 "GET /polls/2 HTTP/1.1" 200 2
[2021-12-10 22:04:19,251] DEBUG in urllib3.connectionpool: Starting new HTTP connection (1): localhost:5000
[2021-12-10 22:04:19,252] DEBUG in urllib3.connectionpool: http://localhost:5000 "POST /register-instance/ HTTP/1.1" 201 4
[2021-12-10 22:04:32,862] DEBUG in urllib3.connectionpool: Starting new HTTP connection (1): localhost:5000
[2021-12-10 22:04:32,863] DEBUG in urllib3.connectionpool: http://localhost:5000 "POST /register-instance/ HTTP/1.1" 201 4
[2021-12-10 22:04:32,875] DEBUG in urllib3.connectionpool: Starting new HTTP connection (1): localhost:5000
[2021-12-10 22:04:32,876] DEBUG in urllib3.connectionpool: http://localhost:5000 "GET /users HTTP/1.1" 200 25
[2021-12-10 22:04:32,878] DEBUG in urllib3.connectionpool: Starting new HTTP connection (1): tuffix-vm:5100
[2021-12-10 22:04:32,880] DEBUG in urllib3.connectionpool: http://tuffix-vm:5100 "GET /login?username=vinhtran&password=cry HTTP/1.1" 200 4
[2021-12-10 22:04:32,881] DEBUG in urllib3.connectionpool: Starting new HTTP connection (1): 127.0.0.1:5400
[2021-12-10 22:04:32,912] DEBUG in urllib3.connectionpool: http://127.0.0.1:5400 "GET /polls/1 HTTP/1.1" 200 245
