[2021-10-22 13:55:18,101] DEBUG in urllib3.connectionpool: Starting new HTTP connection (1): 127.0.0.1:80
[2021-11-16 18:40:43,011] DEBUG in urllib3.connectionpool: Starting new HTTP connection (1): 127.0.0.1:80
[2021-11-16 18:43:28,266] DEBUG in urllib3.connectionpool: Starting new HTTP connection (1): 127.0.0.1:80
[2021-11-16 18:46:20,592] DEBUG in urllib3.connectionpool: Starting new HTTP connection (1): 127.0.0.1:80
[2021-11-16 18:52:35,297] DEBUG in urllib3.connectionpool: Starting new HTTP connection (1): 127.0.0.1:80
[2021-11-16 18:53:12,043] DEBUG in urllib3.connectionpool: Starting new HTTP connection (1): 127.0.0.1:80
[2021-11-16 18:54:48,959] DEBUG in urllib3.connectionpool: Starting new HTTP connection (1): 127.0.0.1:80
[2021-11-16 19:02:19,087] DEBUG in urllib3.connectionpool: Starting new HTTP connection (1): 127.0.0.1:80
[2021-11-16 19:02:19,101] DEBUG in urllib3.connectionpool: http://127.0.0.1:80 "GET /posts/3 HTTP/1.1" 200 4
[2021-11-16 19:03:05,689] DEBUG in urllib3.connectionpool: Starting new HTTP connection (1): 127.0.0.1:80
[2021-11-16 19:03:05,699] DEBUG in urllib3.connectionpool: http://127.0.0.1:80 "GET /posts/3 HTTP/1.1" 200 4
[2021-11-16 19:03:45,887] DEBUG in urllib3.connectionpool: Starting new HTTP connection (1): 127.0.0.1:80
[2021-11-16 19:03:45,895] DEBUG in urllib3.connectionpool: http://127.0.0.1:80 "GET /posts/3 HTTP/1.1" 200 4
[2021-11-16 19:07:14,637] DEBUG in urllib3.connectionpool: Starting new HTTP connection (1): 127.0.0.1:80
[2021-11-16 19:07:14,640] DEBUG in urllib3.connectionpool: http://127.0.0.1:80 "GET /posts/3 HTTP/1.1" 200 4
[2021-11-16 19:09:16,922] DEBUG in urllib3.connectionpool: Starting new HTTP connection (1): 127.0.0.1:80
[2021-11-16 19:09:16,925] DEBUG in urllib3.connectionpool: http://127.0.0.1:80 "GET /posts/3 HTTP/1.1" 200 4
[2021-11-16 19:09:30,540] DEBUG in urllib3.connectionpool: Starting new HTTP connection (1): 127.0.0.1:80
[2021-11-16 19:09:30,542] DEBUG in urllib3.connectionpool: http://127.0.0.1:80 "GET /posts/3 HTTP/1.1" 200 4
[2021-11-16 19:10:09,909] DEBUG in urllib3.connectionpool: Starting new HTTP connection (1): 127.0.0.1:80
[2021-11-16 19:10:09,911] DEBUG in urllib3.connectionpool: http://127.0.0.1:80 "GET /posts/4 HTTP/1.1" 200 4
[2021-11-16 19:10:14,364] DEBUG in urllib3.connectionpool: Starting new HTTP connection (1): 127.0.0.1:80
[2021-11-16 19:10:14,367] DEBUG in urllib3.connectionpool: http://127.0.0.1:80 "GET /posts/4 HTTP/1.1" 200 4
[2021-11-21 16:40:24,727] DEBUG in urllib3.connectionpool: Starting new HTTP connection (1): tuffix-vm:1234
[2021-11-21 16:40:24,729] DEBUG in urllib3.connectionpool: http://tuffix-vm:1234 "POST /register-intances?service=users&URL=http%3A%2F%2Ftuffix-vm%3A5000 HTTP/1.1" 404 2398
[2021-11-21 16:44:55,197] DEBUG in urllib3.connectionpool: Starting new HTTP connection (1): tuffix-vm:1234
[2021-11-21 16:44:55,202] DEBUG in urllib3.connectionpool: http://tuffix-vm:1234 "GET /users HTTP/1.1" 200 25
[2021-11-21 16:56:31,126] DEBUG in urllib3.connectionpool: Starting new HTTP connection (1): tuffix-vm:1234
[2021-11-21 16:56:31,128] DEBUG in urllib3.connectionpool: http://tuffix-vm:1234 "GET /users HTTP/1.1" 200 25
[2021-11-21 17:03:34,103] DEBUG in urllib3.connectionpool: Starting new HTTP connection (1): tuffix-vm:1234
[2021-11-21 17:03:34,105] DEBUG in urllib3.connectionpool: http://tuffix-vm:1234 "GET /users HTTP/1.1" 200 2
[2021-11-21 17:04:09,684] DEBUG in urllib3.connectionpool: Starting new HTTP connection (1): tuffix-vm:1234
[2021-11-21 17:04:09,686] DEBUG in urllib3.connectionpool: http://tuffix-vm:1234 "GET /users HTTP/1.1" 200 25
[2021-11-21 17:10:36,384] DEBUG in urllib3.connectionpool: Starting new HTTP connection (1): tuffix-vm:1234
[2021-11-21 17:10:36,386] DEBUG in urllib3.connectionpool: http://tuffix-vm:1234 "GET /register-intances/ HTTP/1.1" 404 2398
[2021-11-21 17:13:07,809] DEBUG in urllib3.connectionpool: Starting new HTTP connection (1): tuffix-vm:1234
[2021-11-21 17:13:07,811] DEBUG in urllib3.connectionpool: http://tuffix-vm:1234 "POST /register-intances/ HTTP/1.1" 404 2398
[2021-11-21 17:14:34,526] DEBUG in urllib3.connectionpool: Starting new HTTP connection (1): tuffix-vm:1234
[2021-11-21 17:14:34,529] DEBUG in urllib3.connectionpool: http://tuffix-vm:1234 "POST /register-instance/ HTTP/1.1" 201 4
[2021-11-21 17:14:46,031] DEBUG in urllib3.connectionpool: Starting new HTTP connection (1): tuffix-vm:1234
[2021-11-21 17:14:46,032] DEBUG in urllib3.connectionpool: http://tuffix-vm:1234 "POST /register-instance/ HTTP/1.1" 201 4
[2021-11-21 17:27:17,650] DEBUG in urllib3.connectionpool: Starting new HTTP connection (1): tuffix-vm:1234
[2021-11-21 17:27:17,651] DEBUG in urllib3.connectionpool: http://tuffix-vm:1234 "POST /register-instance/ HTTP/1.1" 201 4
[2021-11-21 17:28:10,982] DEBUG in urllib3.connectionpool: Starting new HTTP connection (1): tuffix-vm:1234
[2021-11-21 17:28:10,983] DEBUG in urllib3.connectionpool: http://tuffix-vm:1234 "POST /register-instance/ HTTP/1.1" 201 4
[2021-11-21 17:30:04,216] DEBUG in urllib3.connectionpool: Starting new HTTP connection (1): tuffix-vm:1234
[2021-11-21 17:30:04,218] DEBUG in urllib3.connectionpool: http://tuffix-vm:1234 "POST /register-instance/ HTTP/1.1" 201 4
[2021-11-21 17:31:25,833] DEBUG in urllib3.connectionpool: Starting new HTTP connection (1): tuffix-vm:1234
[2021-11-21 17:31:25,835] DEBUG in urllib3.connectionpool: http://tuffix-vm:1234 "POST /register-instance/ HTTP/1.1" 201 4
[2021-11-21 17:32:47,127] DEBUG in urllib3.connectionpool: Starting new HTTP connection (1): tuffix-vm:1234
[2021-11-21 17:32:47,129] DEBUG in urllib3.connectionpool: http://tuffix-vm:1234 "POST /register-instance/ HTTP/1.1" 201 4
[2021-11-21 17:33:24,604] DEBUG in urllib3.connectionpool: Starting new HTTP connection (1): tuffix-vm:1234
[2021-11-21 17:33:24,606] DEBUG in urllib3.connectionpool: http://tuffix-vm:1234 "POST /register-instance/ HTTP/1.1" 201 4
[2021-11-21 17:34:13,145] DEBUG in urllib3.connectionpool: Starting new HTTP connection (1): tuffix-vm:1234
[2021-11-21 17:34:13,148] DEBUG in urllib3.connectionpool: http://tuffix-vm:1234 "POST /register-instance/ HTTP/1.1" 201 4
[2021-11-21 17:35:13,448] DEBUG in urllib3.connectionpool: Starting new HTTP connection (1): tuffix-vm:1234
[2021-11-21 17:35:13,450] DEBUG in urllib3.connectionpool: http://tuffix-vm:1234 "POST /register-instance/ HTTP/1.1" 201 4
[2021-11-21 17:37:24,414] DEBUG in urllib3.connectionpool: Starting new HTTP connection (1): tuffix-vm:1234
[2021-11-21 17:37:24,417] DEBUG in urllib3.connectionpool: http://tuffix-vm:1234 "POST /register-instance/ HTTP/1.1" 201 4
[2021-11-21 17:41:49,751] DEBUG in urllib3.connectionpool: Starting new HTTP connection (1): tuffix-vm:1234
[2021-11-21 17:41:49,754] DEBUG in urllib3.connectionpool: http://tuffix-vm:1234 "POST /register-instance/ HTTP/1.1" 201 4
[2021-11-21 17:50:08,241] DEBUG in urllib3.connectionpool: Starting new HTTP connection (1): tuffix-vm:1234
[2021-11-21 17:50:08,243] DEBUG in urllib3.connectionpool: http://tuffix-vm:1234 "POST /register-instance/ HTTP/1.1" 201 4
[2021-11-21 17:51:16,860] DEBUG in urllib3.connectionpool: Starting new HTTP connection (1): tuffix-vm:1234
[2021-11-21 17:51:16,863] DEBUG in urllib3.connectionpool: http://tuffix-vm:1234 "POST /register-instance/ HTTP/1.1" 201 4
[2021-11-21 17:53:59,271] DEBUG in urllib3.connectionpool: Starting new HTTP connection (1): tuffix-vm:1234
[2021-11-21 17:53:59,273] DEBUG in urllib3.connectionpool: http://tuffix-vm:1234 "POST /register-instance/ HTTP/1.1" 201 4
[2021-11-21 17:59:17,716] DEBUG in urllib3.connectionpool: Starting new HTTP connection (1): tuffix-vm:1234
[2021-11-21 17:59:17,718] DEBUG in urllib3.connectionpool: http://tuffix-vm:1234 "POST /register-instance/ HTTP/1.1" 201 4
[2021-11-21 18:03:45,536] DEBUG in urllib3.connectionpool: Starting new HTTP connection (1): tuffix-vm:1234
[2021-11-21 18:03:45,540] DEBUG in urllib3.connectionpool: http://tuffix-vm:1234 "POST /register-instance/ HTTP/1.1" 201 4
[2021-11-21 18:09:21,685] DEBUG in urllib3.connectionpool: Starting new HTTP connection (1): tuffix-vm:1234
[2021-11-21 18:09:21,689] DEBUG in urllib3.connectionpool: http://tuffix-vm:1234 "POST /register-instance/ HTTP/1.1" 201 4
[2021-11-21 18:38:11,942] DEBUG in urllib3.connectionpool: Starting new HTTP connection (1): tuffix-vm:1234
[2021-11-21 18:38:11,944] DEBUG in urllib3.connectionpool: http://tuffix-vm:1234 "POST /register-instance/ HTTP/1.1" 201 4
[2021-11-21 18:57:14,353] DEBUG in urllib3.connectionpool: Starting new HTTP connection (1): tuffix-vm:1234
[2021-11-21 18:57:14,356] DEBUG in urllib3.connectionpool: http://tuffix-vm:1234 "POST /register-instance/ HTTP/1.1" 201 4
[2021-11-21 19:07:34,381] DEBUG in urllib3.connectionpool: Starting new HTTP connection (1): tuffix-vm:1234
[2021-11-21 19:07:34,383] DEBUG in urllib3.connectionpool: http://tuffix-vm:1234 "POST /register-instance/ HTTP/1.1" 201 4
[2021-11-21 19:11:59,752] DEBUG in urllib3.connectionpool: Starting new HTTP connection (1): tuffix-vm:1234
[2021-11-21 19:11:59,753] DEBUG in urllib3.connectionpool: http://tuffix-vm:1234 "POST /register-instance/ HTTP/1.1" 201 4
[2021-11-21 19:13:31,935] DEBUG in urllib3.connectionpool: Starting new HTTP connection (1): tuffix-vm:1234
[2021-11-21 19:13:31,937] DEBUG in urllib3.connectionpool: http://tuffix-vm:1234 "POST /register-instance/ HTTP/1.1" 201 4
[2021-11-21 19:37:21,232] DEBUG in urllib3.connectionpool: Starting new HTTP connection (1): 127.0.0.1:80
[2021-11-21 19:37:21,233] DEBUG in urllib3.connectionpool: http://127.0.0.1:80 "GET /posts/4 HTTP/1.1" 503 None
[2021-11-21 19:39:18,850] DEBUG in urllib3.connectionpool: Starting new HTTP connection (1): 127.0.0.1:80
[2021-11-21 19:39:18,882] DEBUG in urllib3.connectionpool: http://127.0.0.1:80 "GET /posts/4 HTTP/1.1" 502 None
[2021-11-21 19:39:43,955] DEBUG in urllib3.connectionpool: Starting new HTTP connection (1): 127.0.0.1:80
[2021-11-21 19:39:43,966] DEBUG in urllib3.connectionpool: http://127.0.0.1:80 "GET /posts/4 HTTP/1.1" 502 None
[2021-11-21 19:41:24,582] DEBUG in urllib3.connectionpool: Starting new HTTP connection (1): tuffix-vm:1234
[2021-11-21 19:41:24,583] DEBUG in urllib3.connectionpool: http://tuffix-vm:1234 "POST /register-instance/ HTTP/1.1" 201 4
[2021-11-21 19:41:38,129] DEBUG in urllib3.connectionpool: Starting new HTTP connection (1): tuffix-vm:1234
[2021-11-21 19:41:38,131] DEBUG in urllib3.connectionpool: http://tuffix-vm:1234 "POST /register-instance/ HTTP/1.1" 201 4
[2021-11-21 19:41:52,741] DEBUG in urllib3.connectionpool: Starting new HTTP connection (1): 127.0.0.1:80
[2021-11-21 19:41:52,743] DEBUG in urllib3.connectionpool: http://127.0.0.1:80 "GET /posts/4 HTTP/1.1" 200 4
[2021-11-21 19:43:39,043] DEBUG in urllib3.connectionpool: Starting new HTTP connection (1): tuffix-vm:1234
[2021-11-21 19:43:39,044] DEBUG in urllib3.connectionpool: http://tuffix-vm:1234 "POST /register-instance/ HTTP/1.1" 201 4
[2021-11-21 19:43:45,798] DEBUG in urllib3.connectionpool: Starting new HTTP connection (1): tuffix-vm:1234
[2021-11-21 19:43:45,799] DEBUG in urllib3.connectionpool: http://tuffix-vm:1234 "POST /register-instance/ HTTP/1.1" 201 4
[2021-11-21 19:45:43,125] DEBUG in urllib3.connectionpool: Starting new HTTP connection (1): tuffix-vm:1234
[2021-11-21 19:45:43,127] DEBUG in urllib3.connectionpool: http://tuffix-vm:1234 "POST /register-instance/ HTTP/1.1" 201 4
[2021-11-21 19:47:17,818] DEBUG in urllib3.connectionpool: Starting new HTTP connection (1): tuffix-vm:1234
[2021-11-21 19:47:17,820] DEBUG in urllib3.connectionpool: http://tuffix-vm:1234 "POST /register-instance/ HTTP/1.1" 201 4
[2021-11-21 19:47:48,504] DEBUG in urllib3.connectionpool: Starting new HTTP connection (1): tuffix-vm:1234
[2021-11-21 19:47:48,506] DEBUG in urllib3.connectionpool: http://tuffix-vm:1234 "POST /register-instance/ HTTP/1.1" 201 4
[2021-11-21 19:56:09,876] DEBUG in urllib3.connectionpool: Starting new HTTP connection (1): tuffix-vm:1234
[2021-11-21 19:56:09,887] DEBUG in urllib3.connectionpool: http://tuffix-vm:1234 "POST /register-instance/ HTTP/1.1" 404 173
[2021-11-21 19:56:15,332] DEBUG in urllib3.connectionpool: Starting new HTTP connection (1): tuffix-vm:1234
[2021-11-21 19:56:15,334] DEBUG in urllib3.connectionpool: http://tuffix-vm:1234 "POST /register-instance/ HTTP/1.1" 404 173
[2021-11-21 19:56:40,459] DEBUG in urllib3.connectionpool: Starting new HTTP connection (1): 127.0.0.1:80
[2021-11-21 19:56:40,462] DEBUG in urllib3.connectionpool: http://127.0.0.1:80 "GET /posts/5 HTTP/1.1" 200 4
[2021-11-25 22:06:36,671] DEBUG in urllib3.connectionpool: Starting new HTTP connection (1): localhost:5000
[2021-11-25 22:06:36,676] DEBUG in urllib3.connectionpool: http://localhost:5000 "POST /register-instance/ HTTP/1.1" 201 4
[2021-11-25 22:14:56,859] DEBUG in urllib3.connectionpool: Starting new HTTP connection (1): localhost:5000
[2021-11-25 22:14:56,865] DEBUG in urllib3.connectionpool: http://localhost:5000 "POST /register-instance/ HTTP/1.1" 201 4
[2021-11-25 22:17:19,795] DEBUG in urllib3.connectionpool: Starting new HTTP connection (1): localhost:5000
[2021-11-25 22:17:19,797] DEBUG in urllib3.connectionpool: http://localhost:5000 "POST /register-instance/ HTTP/1.1" 201 4
[2021-11-25 22:29:20,057] DEBUG in urllib3.connectionpool: Starting new HTTP connection (1): localhost:5000
[2021-11-25 22:29:20,059] DEBUG in urllib3.connectionpool: http://localhost:5000 "POST /register-instance/ HTTP/1.1" 201 4
[2021-11-25 22:30:41,627] DEBUG in urllib3.connectionpool: Starting new HTTP connection (1): localhost:5000
[2021-11-25 22:30:41,632] DEBUG in urllib3.connectionpool: http://localhost:5000 "POST /register-instance/ HTTP/1.1" 201 4
[2021-11-25 22:34:53,558] DEBUG in urllib3.connectionpool: Starting new HTTP connection (1): localhost:5000
[2021-11-25 22:34:53,563] DEBUG in urllib3.connectionpool: http://localhost:5000 "POST /register-instance/ HTTP/1.1" 201 4
[2021-11-25 22:37:40,462] DEBUG in urllib3.connectionpool: Starting new HTTP connection (1): localhost:5000
[2021-11-25 22:37:40,468] DEBUG in urllib3.connectionpool: http://localhost:5000 "POST /register-instance/ HTTP/1.1" 201 4
[2021-11-25 22:42:22,630] DEBUG in urllib3.connectionpool: Starting new HTTP connection (1): localhost:5000
[2021-11-25 22:42:22,635] DEBUG in urllib3.connectionpool: http://localhost:5000 "POST /register-instance/ HTTP/1.1" 201 4
[2021-11-25 22:43:16,092] DEBUG in urllib3.connectionpool: Starting new HTTP connection (1): localhost:5000
[2021-11-25 22:43:16,098] DEBUG in urllib3.connectionpool: http://localhost:5000 "POST /register-instance/ HTTP/1.1" 201 4
[2021-11-25 22:44:13,918] DEBUG in urllib3.connectionpool: Starting new HTTP connection (1): localhost:5000
[2021-11-25 22:44:13,923] DEBUG in urllib3.connectionpool: http://localhost:5000 "POST /register-instance/ HTTP/1.1" 201 4
[2021-11-25 22:45:32,948] DEBUG in urllib3.connectionpool: Starting new HTTP connection (1): localhost:5000
[2021-11-25 22:45:32,949] DEBUG in urllib3.connectionpool: http://localhost:5000 "POST /register-instance/ HTTP/1.1" 201 4
[2021-11-25 22:58:25,669] DEBUG in urllib3.connectionpool: Starting new HTTP connection (1): localhost:5000
[2021-11-25 22:58:25,670] DEBUG in urllib3.connectionpool: http://localhost:5000 "POST /register-instance/ HTTP/1.1" 201 4
[2021-11-25 23:03:09,001] DEBUG in urllib3.connectionpool: Starting new HTTP connection (1): localhost:5000
[2021-11-25 23:03:09,003] DEBUG in urllib3.connectionpool: http://localhost:5000 "POST /register-instance/ HTTP/1.1" 201 4
[2021-11-25 23:36:11,686] DEBUG in urllib3.connectionpool: Starting new HTTP connection (1): localhost:5000
[2021-11-25 23:36:11,691] DEBUG in urllib3.connectionpool: http://localhost:5000 "POST /register-instance/ HTTP/1.1" 201 4
[2021-11-26 09:33:26,669] DEBUG in urllib3.connectionpool: Starting new HTTP connection (1): localhost:5000
[2021-11-26 09:33:26,674] DEBUG in urllib3.connectionpool: http://localhost:5000 "POST /register-instance/ HTTP/1.1" 201 4
[2021-11-26 09:35:03,716] DEBUG in urllib3.connectionpool: Starting new HTTP connection (1): localhost:5000
[2021-11-26 09:35:03,718] DEBUG in urllib3.connectionpool: http://localhost:5000 "POST /register-instance/ HTTP/1.1" 201 4
[2021-11-26 09:37:04,068] DEBUG in urllib3.connectionpool: Starting new HTTP connection (1): localhost:5000
[2021-11-26 09:37:04,074] DEBUG in urllib3.connectionpool: http://localhost:5000 "POST /register-instance/ HTTP/1.1" 201 4
[2021-11-26 09:39:04,534] DEBUG in urllib3.connectionpool: Starting new HTTP connection (1): localhost:5000
[2021-11-26 09:39:04,536] DEBUG in urllib3.connectionpool: http://localhost:5000 "POST /register-instance/ HTTP/1.1" 201 4
[2021-11-26 09:44:17,210] DEBUG in urllib3.connectionpool: Starting new HTTP connection (1): localhost:5000
[2021-11-26 09:44:17,216] DEBUG in urllib3.connectionpool: http://localhost:5000 "POST /register-instance/ HTTP/1.1" 201 4
[2021-11-26 09:45:10,023] DEBUG in urllib3.connectionpool: Starting new HTTP connection (1): localhost:5000
[2021-11-26 09:45:10,029] DEBUG in urllib3.connectionpool: http://localhost:5000 "POST /register-instance/ HTTP/1.1" 201 4
[2021-11-26 09:59:04,002] DEBUG in urllib3.connectionpool: Starting new HTTP connection (1): localhost:5000
[2021-11-26 09:59:04,008] DEBUG in urllib3.connectionpool: http://localhost:5000 "POST /register-instance/ HTTP/1.1" 201 4
[2021-11-26 10:01:49,930] DEBUG in urllib3.connectionpool: Starting new HTTP connection (1): localhost:5000
[2021-11-26 10:01:49,936] DEBUG in urllib3.connectionpool: http://localhost:5000 "POST /register-instance/ HTTP/1.1" 201 4
[2021-11-26 10:06:19,276] DEBUG in urllib3.connectionpool: Starting new HTTP connection (1): localhost:5000
[2021-11-26 10:06:19,282] DEBUG in urllib3.connectionpool: http://localhost:5000 "POST /register-instance/ HTTP/1.1" 201 4
[2021-11-26 10:21:57,765] DEBUG in urllib3.connectionpool: Starting new HTTP connection (1): localhost:5000
[2021-11-26 10:21:57,770] DEBUG in urllib3.connectionpool: http://localhost:5000 "POST /register-instance/ HTTP/1.1" 201 4
[2021-11-26 10:51:54,036] DEBUG in urllib3.connectionpool: Starting new HTTP connection (1): localhost:5000
[2021-11-26 10:51:54,041] DEBUG in urllib3.connectionpool: http://localhost:5000 "POST /register-instance/ HTTP/1.1" 201 4
[2021-11-26 10:53:50,883] DEBUG in urllib3.connectionpool: Starting new HTTP connection (1): localhost:5000
[2021-11-26 10:53:50,888] DEBUG in urllib3.connectionpool: http://localhost:5000 "POST /register-instance/ HTTP/1.1" 201 4
[2021-11-26 11:05:06,081] DEBUG in urllib3.connectionpool: Starting new HTTP connection (1): localhost:5000
[2021-11-26 11:05:06,087] DEBUG in urllib3.connectionpool: http://localhost:5000 "POST /register-instance/ HTTP/1.1" 201 4
[2021-11-26 11:08:40,878] DEBUG in urllib3.connectionpool: Starting new HTTP connection (1): localhost:5000
[2021-11-26 11:08:40,883] DEBUG in urllib3.connectionpool: http://localhost:5000 "POST /register-instance/ HTTP/1.1" 201 4
[2021-11-26 11:09:29,719] DEBUG in urllib3.connectionpool: Starting new HTTP connection (1): localhost:5000
[2021-11-26 11:09:29,725] DEBUG in urllib3.connectionpool: http://localhost:5000 "POST /register-instance/ HTTP/1.1" 201 4
[2021-11-26 11:10:27,647] DEBUG in urllib3.connectionpool: Starting new HTTP connection (1): localhost:5000
[2021-11-26 11:10:27,652] DEBUG in urllib3.connectionpool: http://localhost:5000 "POST /register-instance/ HTTP/1.1" 201 4
[2021-11-26 11:13:57,068] DEBUG in urllib3.connectionpool: Starting new HTTP connection (1): localhost:5000
[2021-11-26 11:13:57,073] DEBUG in urllib3.connectionpool: http://localhost:5000 "POST /register-instance/ HTTP/1.1" 201 4
[2021-11-26 11:14:47,933] DEBUG in urllib3.connectionpool: Starting new HTTP connection (1): localhost:5000
[2021-11-26 11:14:47,938] DEBUG in urllib3.connectionpool: http://localhost:5000 "POST /register-instance/ HTTP/1.1" 201 4
[2021-11-26 11:21:09,986] DEBUG in urllib3.connectionpool: Starting new HTTP connection (1): localhost:5000
[2021-11-26 11:21:09,992] DEBUG in urllib3.connectionpool: http://localhost:5000 "POST /register-instance/ HTTP/1.1" 201 4
[2021-11-26 11:25:03,872] DEBUG in urllib3.connectionpool: Starting new HTTP connection (1): localhost:5000
[2021-11-26 11:25:03,877] DEBUG in urllib3.connectionpool: http://localhost:5000 "POST /register-instance/ HTTP/1.1" 201 4
[2021-12-08 10:23:20,043] DEBUG in urllib3.connectionpool: Starting new HTTP connection (1): localhost:5000
[2021-12-08 10:23:20,045] DEBUG in urllib3.connectionpool: http://localhost:5000 "POST /register-instance/ HTTP/1.1" 201 4
[2021-12-08 10:30:25,476] DEBUG in urllib3.connectionpool: Starting new HTTP connection (1): localhost:5000
[2021-12-08 10:30:25,478] DEBUG in urllib3.connectionpool: http://localhost:5000 "POST /register-instance/ HTTP/1.1" 201 4
[2021-12-08 10:33:35,284] DEBUG in urllib3.connectionpool: Starting new HTTP connection (1): localhost:5000
[2021-12-08 10:33:35,289] DEBUG in urllib3.connectionpool: http://localhost:5000 "POST /register-instance/ HTTP/1.1" 201 4
[2021-12-08 10:39:40,633] DEBUG in urllib3.connectionpool: Starting new HTTP connection (1): localhost:5000
[2021-12-08 10:39:40,639] DEBUG in urllib3.connectionpool: http://localhost:5000 "POST /register-instance/ HTTP/1.1" 201 4
[2021-12-08 10:40:19,453] DEBUG in urllib3.connectionpool: Starting new HTTP connection (1): localhost:5000
[2021-12-08 10:40:19,459] DEBUG in urllib3.connectionpool: http://localhost:5000 "POST /register-instance/ HTTP/1.1" 201 4
[2021-12-08 10:41:51,312] DEBUG in urllib3.connectionpool: Starting new HTTP connection (1): localhost:5000
[2021-12-08 10:41:51,317] DEBUG in urllib3.connectionpool: http://localhost:5000 "POST /register-instance/ HTTP/1.1" 201 4
[2021-12-08 10:48:28,217] DEBUG in urllib3.connectionpool: Starting new HTTP connection (1): localhost:5000
[2021-12-08 10:48:28,222] DEBUG in urllib3.connectionpool: http://localhost:5000 "POST /register-instance/ HTTP/1.1" 201 4
[2021-12-08 10:49:21,836] DEBUG in urllib3.connectionpool: Starting new HTTP connection (1): localhost:5000
[2021-12-08 10:49:21,841] DEBUG in urllib3.connectionpool: http://localhost:5000 "POST /register-instance/ HTTP/1.1" 201 4
[2021-12-08 11:09:38,676] DEBUG in urllib3.connectionpool: Starting new HTTP connection (1): localhost:5000
[2021-12-08 11:09:38,678] DEBUG in urllib3.connectionpool: http://localhost:5000 "POST /register-instance/ HTTP/1.1" 201 4
[2021-12-08 12:51:27,728] DEBUG in urllib3.connectionpool: Starting new HTTP connection (1): localhost:5000
[2021-12-08 12:51:27,731] DEBUG in urllib3.connectionpool: http://localhost:5000 "POST /register-instance/ HTTP/1.1" 201 4
[2021-12-08 16:17:59,594] DEBUG in urllib3.connectionpool: Starting new HTTP connection (1): localhost:5000
[2021-12-08 16:17:59,599] DEBUG in urllib3.connectionpool: http://localhost:5000 "POST /register-instance/ HTTP/1.1" 201 4
[2021-12-10 16:24:10,748] DEBUG in urllib3.connectionpool: Starting new HTTP connection (1): localhost:5000
[2021-12-10 16:24:10,750] DEBUG in urllib3.connectionpool: http://localhost:5000 "POST /register-instance/ HTTP/1.1" 201 4
[2021-12-10 16:47:43,337] DEBUG in urllib3.connectionpool: Starting new HTTP connection (1): localhost:5000
[2021-12-10 16:47:43,338] DEBUG in urllib3.connectionpool: http://localhost:5000 "POST /register-instance/ HTTP/1.1" 201 4
[2021-12-10 16:55:13,691] DEBUG in urllib3.connectionpool: Starting new HTTP connection (1): localhost:5000
[2021-12-10 16:55:13,697] DEBUG in urllib3.connectionpool: http://localhost:5000 "POST /register-instance/ HTTP/1.1" 201 4
[2021-12-10 17:14:07,781] DEBUG in urllib3.connectionpool: Starting new HTTP connection (1): localhost:5000
[2021-12-10 17:14:07,787] DEBUG in urllib3.connectionpool: http://localhost:5000 "POST /register-instance/ HTTP/1.1" 201 4
[2021-12-10 18:01:13,483] DEBUG in urllib3.connectionpool: Starting new HTTP connection (1): localhost:5000
[2021-12-10 18:01:13,488] DEBUG in urllib3.connectionpool: http://localhost:5000 "POST /register-instance/ HTTP/1.1" 201 4
[2021-12-10 18:03:22,538] DEBUG in urllib3.connectionpool: Starting new HTTP connection (1): localhost:5000
[2021-12-10 18:03:22,543] DEBUG in urllib3.connectionpool: http://localhost:5000 "POST /register-instance/ HTTP/1.1" 201 4
[2021-12-10 18:05:08,251] DEBUG in urllib3.connectionpool: Starting new HTTP connection (1): localhost:5000
[2021-12-10 18:05:08,256] DEBUG in urllib3.connectionpool: http://localhost:5000 "POST /register-instance/ HTTP/1.1" 201 4
[2021-12-10 18:07:04,685] DEBUG in urllib3.connectionpool: Starting new HTTP connection (1): localhost:5000
[2021-12-10 18:07:04,687] DEBUG in urllib3.connectionpool: http://localhost:5000 "POST /register-instance/ HTTP/1.1" 201 4
[2021-12-10 18:07:58,381] DEBUG in urllib3.connectionpool: Starting new HTTP connection (1): localhost:5000
[2021-12-10 18:07:58,387] DEBUG in urllib3.connectionpool: http://localhost:5000 "POST /register-instance/ HTTP/1.1" 201 4
[2021-12-10 18:10:58,724] DEBUG in urllib3.connectionpool: Starting new HTTP connection (1): localhost:5000
[2021-12-10 18:10:58,730] DEBUG in urllib3.connectionpool: http://localhost:5000 "POST /register-instance/ HTTP/1.1" 201 4
[2021-12-10 18:11:43,626] DEBUG in urllib3.connectionpool: Starting new HTTP connection (1): localhost:5000
[2021-12-10 18:11:43,632] DEBUG in urllib3.connectionpool: http://localhost:5000 "POST /register-instance/ HTTP/1.1" 201 4
[2021-12-10 18:13:01,731] DEBUG in urllib3.connectionpool: Starting new HTTP connection (1): localhost:5000
[2021-12-10 18:13:01,737] DEBUG in urllib3.connectionpool: http://localhost:5000 "POST /register-instance/ HTTP/1.1" 201 4
[2021-12-10 18:13:52,279] DEBUG in urllib3.connectionpool: Starting new HTTP connection (1): localhost:5000
[2021-12-10 18:13:52,284] DEBUG in urllib3.connectionpool: http://localhost:5000 "POST /register-instance/ HTTP/1.1" 201 4
[2021-12-10 19:20:58,549] DEBUG in urllib3.connectionpool: Starting new HTTP connection (1): localhost:5000
[2021-12-10 19:20:58,554] DEBUG in urllib3.connectionpool: http://localhost:5000 "POST /register-instance/ HTTP/1.1" 201 4
[2021-12-10 21:46:46,242] DEBUG in urllib3.connectionpool: Starting new HTTP connection (1): localhost:5000
[2021-12-10 21:46:46,247] DEBUG in urllib3.connectionpool: http://localhost:5000 "POST /register-instance/ HTTP/1.1" 201 4
[2021-12-10 21:47:32,556] DEBUG in urllib3.connectionpool: Starting new HTTP connection (1): localhost:5000
[2021-12-10 21:47:32,558] DEBUG in urllib3.connectionpool: http://localhost:5000 "POST /register-instance/ HTTP/1.1" 201 4
[2021-12-10 21:48:48,450] DEBUG in urllib3.connectionpool: Starting new HTTP connection (1): localhost:5000
[2021-12-10 21:48:48,452] DEBUG in urllib3.connectionpool: http://localhost:5000 "POST /register-instance/ HTTP/1.1" 201 4
[2021-12-10 21:49:51,509] DEBUG in urllib3.connectionpool: Starting new HTTP connection (1): localhost:5000
[2021-12-10 21:49:51,511] DEBUG in urllib3.connectionpool: http://localhost:5000 "POST /register-instance/ HTTP/1.1" 201 4
[2021-12-10 21:56:01,026] DEBUG in urllib3.connectionpool: Starting new HTTP connection (1): localhost:5000
[2021-12-10 21:56:01,028] DEBUG in urllib3.connectionpool: http://localhost:5000 "POST /register-instance/ HTTP/1.1" 201 4
[2021-12-10 21:57:31,668] DEBUG in urllib3.connectionpool: Starting new HTTP connection (1): localhost:5000
[2021-12-10 21:57:31,674] DEBUG in urllib3.connectionpool: http://localhost:5000 "POST /register-instance/ HTTP/1.1" 201 4
[2021-12-10 22:01:06,797] DEBUG in urllib3.connectionpool: Starting new HTTP connection (1): localhost:5000
[2021-12-10 22:01:06,802] DEBUG in urllib3.connectionpool: http://localhost:5000 "POST /register-instance/ HTTP/1.1" 201 4
[2021-12-10 22:03:58,654] DEBUG in urllib3.connectionpool: Starting new HTTP connection (1): localhost:5000
[2021-12-10 22:03:58,660] DEBUG in urllib3.connectionpool: http://localhost:5000 "POST /register-instance/ HTTP/1.1" 201 4
